{"numTotalTestSuites":107,"numPassedTestSuites":105,"numFailedTestSuites":2,"numPendingTestSuites":0,"numTotalTests":138,"numPassedTests":137,"numFailedTests":1,"numPendingTests":0,"numTodoTests":0,"snapshot":{"added":0,"failure":false,"filesAdded":0,"filesRemoved":0,"filesRemovedList":[],"filesUnmatched":0,"filesUpdated":0,"matched":0,"total":0,"unchecked":0,"uncheckedKeysByFile":[],"unmatched":0,"updated":0,"didUpdate":false},"startTime":1763640991991,"success":false,"testResults":[{"assertionResults":[{"ancestorTitles":["SR Actions","createSRAction"],"fullName":"SR Actions createSRAction 성공적으로 SR을 생성해야 함","status":"passed","title":"성공적으로 SR을 생성해야 함","duration":9.486399999999776,"failureMessages":[],"meta":{}},{"ancestorTitles":["SR Actions","createSRAction"],"fullName":"SR Actions createSRAction 검증 실패 시 에러를 반환해야 함","status":"passed","title":"검증 실패 시 에러를 반환해야 함","duration":1.016099999999824,"failureMessages":[],"meta":{}},{"ancestorTitles":["SR Actions","updateSRAction"],"fullName":"SR Actions updateSRAction 성공적으로 SR을 수정해야 함","status":"passed","title":"성공적으로 SR을 수정해야 함","duration":6.086500000000342,"failureMessages":[],"meta":{}},{"ancestorTitles":["SR Actions","deleteSRAction"],"fullName":"SR Actions deleteSRAction 성공적으로 SR을 삭제해야 함","status":"passed","title":"성공적으로 SR을 삭제해야 함","duration":1.0387999999993554,"failureMessages":[],"meta":{}},{"ancestorTitles":["SR Actions","deleteSRAction"],"fullName":"SR Actions deleteSRAction 권한이 없으면 에러를 반환해야 함","status":"passed","title":"권한이 없으면 에러를 반환해야 함","duration":0.9669999999996435,"failureMessages":[],"meta":{}}],"startTime":1763641007487,"endTime":1763641007505.967,"status":"passed","message":"","name":"D:/project/sr/src/actions/__tests__/sr.actions.test.ts"},{"assertionResults":[{"ancestorTitles":["action-helpers","getAuthenticatedSession"],"fullName":"action-helpers getAuthenticatedSession 인증된 세션을 반환해야 함","status":"passed","title":"인증된 세션을 반환해야 함","duration":7.587899999999536,"failureMessages":[],"meta":{}},{"ancestorTitles":["action-helpers","getAuthenticatedSession"],"fullName":"action-helpers getAuthenticatedSession 세션이 없으면 UnauthorizedError를 던져야 함","status":"passed","title":"세션이 없으면 UnauthorizedError를 던져야 함","duration":2.1896999999999025,"failureMessages":[],"meta":{}},{"ancestorTitles":["action-helpers","requirePermission"],"fullName":"action-helpers requirePermission 권한이 있으면 성공해야 함","status":"passed","title":"권한이 있으면 성공해야 함","duration":0.5769999999993161,"failureMessages":[],"meta":{}},{"ancestorTitles":["action-helpers","authenticateAndAuthorize"],"fullName":"action-helpers authenticateAndAuthorize 인증 및 권한 확인을 모두 수행해야 함","status":"passed","title":"인증 및 권한 확인을 모두 수행해야 함","duration":1.5529999999998836,"failureMessages":[],"meta":{}},{"ancestorTitles":["action-helpers","validateWithSchema"],"fullName":"action-helpers validateWithSchema 유효한 데이터는 성공해야 함","status":"passed","title":"유효한 데이터는 성공해야 함","duration":4.530499999999847,"failureMessages":[],"meta":{}},{"ancestorTitles":["action-helpers","validateWithSchema"],"fullName":"action-helpers validateWithSchema 유효하지 않은 데이터는 실패해야 함","status":"passed","title":"유효하지 않은 데이터는 실패해야 함","duration":2.194300000000112,"failureMessages":[],"meta":{}},{"ancestorTitles":["action-helpers","validateWithSchema"],"fullName":"action-helpers validateWithSchema 타입이 맞지 않으면 실패해야 함","status":"passed","title":"타입이 맞지 않으면 실패해야 함","duration":0.6940999999997075,"failureMessages":[],"meta":{}}],"startTime":1763641007312,"endTime":1763641007331.694,"status":"passed","message":"","name":"D:/project/sr/src/lib/__tests__/action-helpers.test.ts"},{"assertionResults":[{"ancestorTitles":["api-helpers","validateRequestBody"],"fullName":"api-helpers validateRequestBody 유효한 요청 바디를 검증해야 함","status":"passed","title":"유효한 요청 바디를 검증해야 함","duration":17.144199999999728,"failureMessages":[],"meta":{}},{"ancestorTitles":["api-helpers","validateRequestBody"],"fullName":"api-helpers validateRequestBody 유효하지 않은 요청 바디는 ValidationError를 던져야 함","status":"passed","title":"유효하지 않은 요청 바디는 ValidationError를 던져야 함","duration":4.280999999999949,"failureMessages":[],"meta":{}},{"ancestorTitles":["api-helpers","validateRequestBody"],"fullName":"api-helpers validateRequestBody JSON 파싱 실패 시 에러를 던져야 함","status":"passed","title":"JSON 파싱 실패 시 에러를 던져야 함","duration":2.3276000000005297,"failureMessages":[],"meta":{}}],"startTime":1763641008137,"endTime":1763641008161.3276,"status":"passed","message":"","name":"D:/project/sr/src/lib/__tests__/api-helpers.test.ts"},{"assertionResults":[{"ancestorTitles":["withRateLimit"],"fullName":"withRateLimit Rate limit 내에서는 핸들러를 실행해야 함","status":"passed","title":"Rate limit 내에서는 핸들러를 실행해야 함","duration":23.45169999999962,"failureMessages":[],"meta":{}},{"ancestorTitles":["withRateLimit"],"fullName":"withRateLimit Rate limit 초과 시 429 에러를 반환해야 함","status":"passed","title":"Rate limit 초과 시 429 에러를 반환해야 함","duration":2.590900000000147,"failureMessages":[],"meta":{}},{"ancestorTitles":["withRateLimit"],"fullName":"withRateLimit Rate limit 헤더를 포함해야 함","status":"passed","title":"Rate limit 헤더를 포함해야 함","duration":1.5443999999997686,"failureMessages":[],"meta":{}},{"ancestorTitles":["withRateLimit"],"fullName":"withRateLimit Rate limit 초과 시 Retry-After 헤더를 포함해야 함","status":"passed","title":"Rate limit 초과 시 Retry-After 헤더를 포함해야 함","duration":1.4893000000001848,"failureMessages":[],"meta":{}},{"ancestorTitles":["withRateLimit"],"fullName":"withRateLimit 커스텀 키 생성기를 사용해야 함","status":"passed","title":"커스텀 키 생성기를 사용해야 함","duration":2.4124000000001615,"failureMessages":[],"meta":{}},{"ancestorTitles":["withRateLimit"],"fullName":"withRateLimit 커스텀 Rate limit 초과 핸들러를 사용해야 함","status":"passed","title":"커스텀 Rate limit 초과 핸들러를 사용해야 함","duration":2.5288000000000466,"failureMessages":[],"meta":{}},{"ancestorTitles":["withRateLimit"],"fullName":"withRateLimit includeHeaders false면 헤더를 포함하지 않아야 함","status":"passed","title":"includeHeaders false면 헤더를 포함하지 않아야 함","duration":1.3375999999998385,"failureMessages":[],"meta":{}},{"ancestorTitles":["rateLimit"],"fullName":"rateLimit 프리셋 이름으로 Rate limiter를 생성해야 함","status":"passed","title":"프리셋 이름으로 Rate limiter를 생성해야 함","duration":1.5034999999998035,"failureMessages":[],"meta":{}},{"ancestorTitles":["rateLimit"],"fullName":"rateLimit 기본값으로 standard 프리셋을 사용해야 함","status":"passed","title":"기본값으로 standard 프리셋을 사용해야 함","duration":0.9192999999995664,"failureMessages":[],"meta":{}}],"startTime":1763640999494,"endTime":1763640999533.9192,"status":"passed","message":"","name":"D:/project/sr/src/lib/__tests__/api-rate-limit.test.ts"},{"assertionResults":[{"ancestorTitles":["api-response","successResponse"],"fullName":"api-response successResponse 성공 응답을 올바르게 생성","status":"passed","title":"성공 응답을 올바르게 생성","duration":12.427299999999377,"failureMessages":[],"meta":{}},{"ancestorTitles":["api-response","successResponse"],"fullName":"api-response successResponse 메시지 없이 성공 응답 생성","status":"passed","title":"메시지 없이 성공 응답 생성","duration":0.7349000000003798,"failureMessages":[],"meta":{}},{"ancestorTitles":["api-response","successResponse"],"fullName":"api-response successResponse 상태 코드 커스터마이징","status":"passed","title":"상태 코드 커스터마이징","duration":0.28840000000036525,"failureMessages":[],"meta":{}},{"ancestorTitles":["api-response","errorResponse"],"fullName":"api-response errorResponse 에러 응답을 올바르게 생성","status":"passed","title":"에러 응답을 올바르게 생성","duration":0.9713999999994485,"failureMessages":[],"meta":{}},{"ancestorTitles":["api-response","errorResponse"],"fullName":"api-response errorResponse 기본 상태 코드 500 사용","status":"passed","title":"기본 상태 코드 500 사용","duration":0.8318999999992229,"failureMessages":[],"meta":{}},{"ancestorTitles":["api-response","errorResponse"],"fullName":"api-response errorResponse code와 details 없이 에러 생성","status":"passed","title":"code와 details 없이 에러 생성","duration":0.8734000000004016,"failureMessages":[],"meta":{}},{"ancestorTitles":["api-response","validationErrorResponse"],"fullName":"api-response validationErrorResponse 유효성 검증 에러를 올바르게 생성","status":"passed","title":"유효성 검증 에러를 올바르게 생성","duration":0.9412000000002081,"failureMessages":[],"meta":{}},{"ancestorTitles":["api-response","unauthorizedResponse"],"fullName":"api-response unauthorizedResponse 커스텀 메시지로 401 응답 생성","status":"passed","title":"커스텀 메시지로 401 응답 생성","duration":0.7439000000003944,"failureMessages":[],"meta":{}},{"ancestorTitles":["api-response","unauthorizedResponse"],"fullName":"api-response unauthorizedResponse 기본 메시지 사용","status":"passed","title":"기본 메시지 사용","duration":0.9221999999999753,"failureMessages":[],"meta":{}},{"ancestorTitles":["api-response","forbiddenResponse"],"fullName":"api-response forbiddenResponse 커스텀 메시지로 403 응답 생성","status":"passed","title":"커스텀 메시지로 403 응답 생성","duration":0.9175999999997657,"failureMessages":[],"meta":{}},{"ancestorTitles":["api-response","forbiddenResponse"],"fullName":"api-response forbiddenResponse 기본 메시지 사용","status":"passed","title":"기본 메시지 사용","duration":0.6841999999996915,"failureMessages":[],"meta":{}},{"ancestorTitles":["api-response","notFoundResponse"],"fullName":"api-response notFoundResponse 리소스 이름과 함께 404 응답 생성","status":"passed","title":"리소스 이름과 함께 404 응답 생성","duration":0.7696999999998297,"failureMessages":[],"meta":{}},{"ancestorTitles":["api-response","notFoundResponse"],"fullName":"api-response notFoundResponse 기본 리소스 이름 사용","status":"passed","title":"기본 리소스 이름 사용","duration":0.6472000000003391,"failureMessages":[],"meta":{}},{"ancestorTitles":["api-response","serverErrorResponse"],"fullName":"api-response serverErrorResponse 서버 에러 응답 생성","status":"passed","title":"서버 에러 응답 생성","duration":11.551900000000387,"failureMessages":[],"meta":{}},{"ancestorTitles":["api-response","serverErrorResponse"],"fullName":"api-response serverErrorResponse 기본 메시지 사용","status":"passed","title":"기본 메시지 사용","duration":1.1265999999995984,"failureMessages":[],"meta":{}},{"ancestorTitles":["api-response","paginatedResponse"],"fullName":"api-response paginatedResponse 페이지네이션 응답을 올바르게 생성","status":"passed","title":"페이지네이션 응답을 올바르게 생성","duration":1.2037000000000262,"failureMessages":[],"meta":{}},{"ancestorTitles":["api-response","paginatedResponse"],"fullName":"api-response paginatedResponse 마지막 페이지 계산","status":"passed","title":"마지막 페이지 계산","duration":2.8764000000001033,"failureMessages":[],"meta":{}},{"ancestorTitles":["api-response","paginatedResponse"],"fullName":"api-response paginatedResponse 첫 페이지와 마지막 페이지가 같을 때","status":"passed","title":"첫 페이지와 마지막 페이지가 같을 때","duration":1.0654999999997017,"failureMessages":[],"meta":{}}],"startTime":1763640999330,"endTime":1763640999371.0654,"status":"passed","message":"","name":"D:/project/sr/src/lib/__tests__/api-response.test.ts"},{"assertionResults":[{"ancestorTitles":["Errors","NotFoundError"],"fullName":"Errors NotFoundError 기본 메시지로 생성되어야 함","status":"passed","title":"기본 메시지로 생성되어야 함","duration":2.6482999999998356,"failureMessages":[],"meta":{}},{"ancestorTitles":["Errors","NotFoundError"],"fullName":"Errors NotFoundError 커스텀 메시지로 생성되어야 함","status":"passed","title":"커스텀 메시지로 생성되어야 함","duration":0.3261000000002241,"failureMessages":[],"meta":{}},{"ancestorTitles":["Errors","BadRequestError"],"fullName":"Errors BadRequestError 커스텀 메시지로 생성되어야 함","status":"passed","title":"커스텀 메시지로 생성되어야 함","duration":0.2977000000000771,"failureMessages":[],"meta":{}},{"ancestorTitles":["Errors","ValidationError"],"fullName":"Errors ValidationError 검증 오류 메시지로 생성되어야 함","status":"passed","title":"검증 오류 메시지로 생성되어야 함","duration":0.3567000000002736,"failureMessages":[],"meta":{}},{"ancestorTitles":["Errors","ForbiddenError"],"fullName":"Errors ForbiddenError 권한 없음 오류로 생성되어야 함","status":"passed","title":"권한 없음 오류로 생성되어야 함","duration":0.26519999999982247,"failureMessages":[],"meta":{}},{"ancestorTitles":["Errors","UnauthorizedError"],"fullName":"Errors UnauthorizedError 인증 오류로 생성되어야 함","status":"passed","title":"인증 오류로 생성되어야 함","duration":0.23590000000058353,"failureMessages":[],"meta":{}},{"ancestorTitles":["Errors","ServiceError"],"fullName":"Errors ServiceError 서비스 오류로 생성되어야 함","status":"passed","title":"서비스 오류로 생성되어야 함","duration":0.32449999999971624,"failureMessages":[],"meta":{}}],"startTime":1763641012107,"endTime":1763641012112.3245,"status":"passed","message":"","name":"D:/project/sr/src/lib/__tests__/errors.test.ts"},{"assertionResults":[{"ancestorTitles":["form-data-parser","getFormDataValue"],"fullName":"form-data-parser getFormDataValue FormData에서 문자열 값을 추출해야 함","status":"passed","title":"FormData에서 문자열 값을 추출해야 함","duration":4.910699999999451,"failureMessages":[],"meta":{}},{"ancestorTitles":["form-data-parser","getFormDataValue"],"fullName":"form-data-parser getFormDataValue 존재하지 않는 키는 null을 반환해야 함","status":"passed","title":"존재하지 않는 키는 null을 반환해야 함","duration":0.5181999999995242,"failureMessages":[],"meta":{}},{"ancestorTitles":["form-data-parser","getFormDataValue"],"fullName":"form-data-parser getFormDataValue File 객체는 null을 반환해야 함","status":"passed","title":"File 객체는 null을 반환해야 함","duration":1.5114000000003216,"failureMessages":[],"meta":{}},{"ancestorTitles":["form-data-parser","getFormDataValues"],"fullName":"form-data-parser getFormDataValues 여러 값을 한 번에 추출해야 함","status":"passed","title":"여러 값을 한 번에 추출해야 함","duration":2.1568999999999505,"failureMessages":[],"meta":{}},{"ancestorTitles":["form-data-parser","formDataToObject"],"fullName":"form-data-parser formDataToObject FormData를 객체로 변환해야 함","status":"passed","title":"FormData를 객체로 변환해야 함","duration":1.1948999999995067,"failureMessages":[],"meta":{}},{"ancestorTitles":["form-data-parser","formDataToObject"],"fullName":"form-data-parser formDataToObject File 객체는 제외해야 함","status":"passed","title":"File 객체는 제외해야 함","duration":0.7933999999995649,"failureMessages":[],"meta":{}},{"ancestorTitles":["form-data-parser","normalizeFormDataValue"],"fullName":"form-data-parser normalizeFormDataValue 빈 문자열을 null로 변환해야 함 (기본값)","status":"passed","title":"빈 문자열을 null로 변환해야 함 (기본값)","duration":0.4131999999999607,"failureMessages":[],"meta":{}},{"ancestorTitles":["form-data-parser","normalizeFormDataValue"],"fullName":"form-data-parser normalizeFormDataValue 빈 문자열을 undefined로 변환해야 함 (옵션)","status":"passed","title":"빈 문자열을 undefined로 변환해야 함 (옵션)","duration":0.2626000000000204,"failureMessages":[],"meta":{}},{"ancestorTitles":["form-data-parser","normalizeFormDataValue"],"fullName":"form-data-parser normalizeFormDataValue 유효한 값은 그대로 반환해야 함","status":"passed","title":"유효한 값은 그대로 반환해야 함","duration":0.29580000000078144,"failureMessages":[],"meta":{}},{"ancestorTitles":["form-data-parser","parseFormData"],"fullName":"form-data-parser parseFormData FormData를 Zod 스키마로 파싱해야 함","status":"passed","title":"FormData를 Zod 스키마로 파싱해야 함","duration":8.826500000000124,"failureMessages":[],"meta":{}}],"startTime":1763641006585,"endTime":1763641006606.8264,"status":"passed","message":"","name":"D:/project/sr/src/lib/__tests__/form-data-parser.test.ts"},{"assertionResults":[{"ancestorTitles":["MemoryRateLimiter","check"],"fullName":"MemoryRateLimiter check 첫 요청은 허용되어야 함","status":"passed","title":"첫 요청은 허용되어야 함","duration":4.72609999999986,"failureMessages":[],"meta":{}},{"ancestorTitles":["MemoryRateLimiter","check"],"fullName":"MemoryRateLimiter check 최대 요청 수까지는 허용되어야 함","status":"passed","title":"최대 요청 수까지는 허용되어야 함","duration":1.8580000000001746,"failureMessages":[],"meta":{}},{"ancestorTitles":["MemoryRateLimiter","check"],"fullName":"MemoryRateLimiter check 최대 요청 수 초과 시 거부되어야 함","status":"passed","title":"최대 요청 수 초과 시 거부되어야 함","duration":0.801499999999578,"failureMessages":[],"meta":{}},{"ancestorTitles":["MemoryRateLimiter","check"],"fullName":"MemoryRateLimiter check 다른 키는 독립적으로 제한되어야 함","status":"passed","title":"다른 키는 독립적으로 제한되어야 함","duration":0.449600000000828,"failureMessages":[],"meta":{}},{"ancestorTitles":["MemoryRateLimiter","check"],"fullName":"MemoryRateLimiter check 윈도우가 만료되면 리셋되어야 함","status":"passed","title":"윈도우가 만료되면 리셋되어야 함","duration":4.940100000000712,"failureMessages":[],"meta":{}},{"ancestorTitles":["MemoryRateLimiter","reset"],"fullName":"MemoryRateLimiter reset 특정 키의 rate limit을 리셋해야 함","status":"passed","title":"특정 키의 rate limit을 리셋해야 함","duration":0.5189000000000306,"failureMessages":[],"meta":{}},{"ancestorTitles":["MemoryRateLimiter","resetAll"],"fullName":"MemoryRateLimiter resetAll 모든 rate limit을 리셋해야 함","status":"passed","title":"모든 rate limit을 리셋해야 함","duration":0.7039000000004307,"failureMessages":[],"meta":{}},{"ancestorTitles":["RateLimitPresets"],"fullName":"RateLimitPresets STRICT 프리셋은 엄격한 제한을 가져야 함","status":"passed","title":"STRICT 프리셋은 엄격한 제한을 가져야 함","duration":0.4184000000004744,"failureMessages":[],"meta":{}},{"ancestorTitles":["RateLimitPresets"],"fullName":"RateLimitPresets STANDARD 프리셋은 일반 제한을 가져야 함","status":"passed","title":"STANDARD 프리셋은 일반 제한을 가져야 함","duration":0.43359999999938736,"failureMessages":[],"meta":{}},{"ancestorTitles":["RateLimitPresets"],"fullName":"RateLimitPresets RELAXED 프리셋은 느슨한 제한을 가져야 함","status":"passed","title":"RELAXED 프리셋은 느슨한 제한을 가져야 함","duration":0.32950000000073487,"failureMessages":[],"meta":{}},{"ancestorTitles":["RateLimitPresets"],"fullName":"RateLimitPresets FILE_UPLOAD 프리셋은 긴 윈도우를 가져야 함","status":"passed","title":"FILE_UPLOAD 프리셋은 긴 윈도우를 가져야 함","duration":0.25429999999960273,"failureMessages":[],"meta":{}},{"ancestorTitles":["getClientIdentifier"],"fullName":"getClientIdentifier X-Forwarded-For 헤더에서 IP를 추출해야 함","status":"passed","title":"X-Forwarded-For 헤더에서 IP를 추출해야 함","duration":4.743099999999686,"failureMessages":[],"meta":{}},{"ancestorTitles":["getClientIdentifier"],"fullName":"getClientIdentifier X-Real-IP 헤더에서 IP를 추출해야 함","status":"passed","title":"X-Real-IP 헤더에서 IP를 추출해야 함","duration":0.5722999999998137,"failureMessages":[],"meta":{}},{"ancestorTitles":["getClientIdentifier"],"fullName":"getClientIdentifier X-Forwarded-For가 우선순위가 높아야 함","status":"passed","title":"X-Forwarded-For가 우선순위가 높아야 함","duration":0.606300000000374,"failureMessages":[],"meta":{}},{"ancestorTitles":["getClientIdentifier"],"fullName":"getClientIdentifier 헤더가 없으면 기본값을 반환해야 함","status":"passed","title":"헤더가 없으면 기본값을 반환해야 함","duration":0.41679999999996653,"failureMessages":[],"meta":{}}],"startTime":1763641006259,"endTime":1763641006281.6062,"status":"passed","message":"","name":"D:/project/sr/src/lib/__tests__/rate-limiter.test.ts"},{"assertionResults":[{"ancestorTitles":["Result","ok"],"fullName":"Result ok 성공 결과를 생성해야 함","status":"passed","title":"성공 결과를 생성해야 함","duration":3.3040000000000873,"failureMessages":[],"meta":{}},{"ancestorTitles":["Result","fail"],"fullName":"Result fail 실패 결과를 생성해야 함","status":"passed","title":"실패 결과를 생성해야 함","duration":0.5092000000004191,"failureMessages":[],"meta":{}},{"ancestorTitles":["Result","fail"],"fullName":"Result fail 기본 에러 코드를 사용해야 함","status":"passed","title":"기본 에러 코드를 사용해야 함","duration":0.3954999999996289,"failureMessages":[],"meta":{}},{"ancestorTitles":["Result","Result 타입 가드"],"fullName":"Result Result 타입 가드 성공 결과를 올바르게 타입 가드해야 함","status":"passed","title":"성공 결과를 올바르게 타입 가드해야 함","duration":0.19660000000021682,"failureMessages":[],"meta":{}},{"ancestorTitles":["Result","Result 타입 가드"],"fullName":"Result Result 타입 가드 실패 결과를 올바르게 타입 가드해야 함","status":"passed","title":"실패 결과를 올바르게 타입 가드해야 함","duration":0.2724999999991269,"failureMessages":[],"meta":{}}],"startTime":1763641012118,"endTime":1763641012124.2725,"status":"passed","message":"","name":"D:/project/sr/src/lib/__tests__/result.test.ts"},{"assertionResults":[{"ancestorTitles":["SRRepository","findDetailsById"],"fullName":"SRRepository findDetailsById 상세 정보를 포함하여 SR을 조회해야 함","status":"passed","title":"상세 정보를 포함하여 SR을 조회해야 함","duration":11.773799999999937,"failureMessages":[],"meta":{}},{"ancestorTitles":["SRRepository","findDetailsById"],"fullName":"SRRepository findDetailsById 존재하지 않는 SR은 null을 반환해야 함","status":"passed","title":"존재하지 않는 SR은 null을 반환해야 함","duration":0.6561000000001513,"failureMessages":[],"meta":{}},{"ancestorTitles":["SRRepository","findById"],"fullName":"SRRepository findById 기본 정보만 포함하여 SR을 조회해야 함","status":"passed","title":"기본 정보만 포함하여 SR을 조회해야 함","duration":0.8867000000000189,"failureMessages":[],"meta":{}}],"startTime":1763641007852,"endTime":1763641007866.8867,"status":"passed","message":"","name":"D:/project/sr/src/repositories/__tests__/sr.repository.test.ts"},{"assertionResults":[{"ancestorTitles":["UserRepository","findById"],"fullName":"UserRepository findById 사용자를 조회해야 함","status":"passed","title":"사용자를 조회해야 함","duration":6.9057999999995445,"failureMessages":[],"meta":{}},{"ancestorTitles":["UserRepository","findById"],"fullName":"UserRepository findById 존재하지 않는 사용자는 null을 반환해야 함","status":"passed","title":"존재하지 않는 사용자는 null을 반환해야 함","duration":0.6228000000000975,"failureMessages":[],"meta":{}},{"ancestorTitles":["UserRepository","findDetailsById"],"fullName":"UserRepository findDetailsById 상세 정보를 포함하여 사용자를 조회해야 함","status":"passed","title":"상세 정보를 포함하여 사용자를 조회해야 함","duration":4.453700000000026,"failureMessages":[],"meta":{}}],"startTime":1763641011697,"endTime":1763641011710.4536,"status":"passed","message":"","name":"D:/project/sr/src/repositories/__tests__/user.repository.test.ts"},{"assertionResults":[{"ancestorTitles":["ClientService","getClientById"],"fullName":"ClientService getClientById 고객사를 조회해야 함","status":"passed","title":"고객사를 조회해야 함","duration":8.292900000000373,"failureMessages":[],"meta":{}},{"ancestorTitles":["ClientService","getAllClients"],"fullName":"ClientService getAllClients 모든 고객사 목록을 반환해야 함","status":"passed","title":"모든 고객사 목록을 반환해야 함","duration":0.9156000000002678,"failureMessages":[],"meta":{}},{"ancestorTitles":["ClientService","createClient"],"fullName":"ClientService createClient 성공적으로 고객사를 생성해야 함","status":"passed","title":"성공적으로 고객사를 생성해야 함","duration":8.130099999999402,"failureMessages":[],"meta":{}},{"ancestorTitles":["ClientService","updateClient"],"fullName":"ClientService updateClient 성공적으로 고객사를 수정해야 함","status":"passed","title":"성공적으로 고객사를 수정해야 함","duration":2.996499999999287,"failureMessages":[],"meta":{}},{"ancestorTitles":["ClientService","deleteClient"],"fullName":"ClientService deleteClient 성공적으로 고객사를 삭제해야 함","status":"passed","title":"성공적으로 고객사를 삭제해야 함","duration":0.8332000000000335,"failureMessages":[],"meta":{}},{"ancestorTitles":["ClientService","deleteClient"],"fullName":"ClientService deleteClient 관련 데이터가 있으면 에러를 던져야 함","status":"passed","title":"관련 데이터가 있으면 에러를 던져야 함","duration":3.8555999999998676,"failureMessages":[],"meta":{}}],"startTime":1763641000273,"endTime":1763641000298.8557,"status":"passed","message":"","name":"D:/project/sr/src/services/__tests__/client.service.test.ts"},{"assertionResults":[{"ancestorTitles":["PermissionService","getAllPermissions"],"fullName":"PermissionService getAllPermissions 모든 권한을 반환해야 함","status":"passed","title":"모든 권한을 반환해야 함","duration":6.344599999999446,"failureMessages":[],"meta":{}},{"ancestorTitles":["PermissionService","checkPermission"],"fullName":"PermissionService checkPermission ADMIN 역할은 모든 권한을 가져야 함","status":"passed","title":"ADMIN 역할은 모든 권한을 가져야 함","duration":1.204399999999623,"failureMessages":[],"meta":{}},{"ancestorTitles":["PermissionService","checkPermission"],"fullName":"PermissionService checkPermission 권한이 있으면 true를 반환해야 함","status":"passed","title":"권한이 있으면 true를 반환해야 함","duration":0.761199999999917,"failureMessages":[],"meta":{}},{"ancestorTitles":["PermissionService","checkPermission"],"fullName":"PermissionService checkPermission 권한이 없으면 false를 반환해야 함","status":"passed","title":"권한이 없으면 false를 반환해야 함","duration":0.4360999999998967,"failureMessages":[],"meta":{}},{"ancestorTitles":["PermissionService","checkPermission"],"fullName":"PermissionService checkPermission 비활성 사용자는 false를 반환해야 함","status":"passed","title":"비활성 사용자는 false를 반환해야 함","duration":0.4555999999993219,"failureMessages":[],"meta":{}},{"ancestorTitles":["PermissionService","getUserPermissions"],"fullName":"PermissionService getUserPermissions 사용자의 모든 권한을 반환해야 함","status":"passed","title":"사용자의 모든 권한을 반환해야 함","duration":2.8320000000003347,"failureMessages":[],"meta":{}},{"ancestorTitles":["PermissionService","getUserPermissions"],"fullName":"PermissionService getUserPermissions 중복 권한은 제거해야 함","status":"passed","title":"중복 권한은 제거해야 함","duration":0.6277000000000044,"failureMessages":[],"meta":{}}],"startTime":1763641011366,"endTime":1763641011379.6277,"status":"passed","message":"","name":"D:/project/sr/src/services/__tests__/permission.service.test.ts"},{"assertionResults":[{"ancestorTitles":["RoleService","createRole"],"fullName":"RoleService createRole 성공적으로 역할을 생성해야 함","status":"passed","title":"성공적으로 역할을 생성해야 함","duration":10.857500000000073,"failureMessages":[],"meta":{}},{"ancestorTitles":["RoleService","updateRole"],"fullName":"RoleService updateRole 성공적으로 역할을 수정해야 함","status":"passed","title":"성공적으로 역할을 수정해야 함","duration":1.935500000000502,"failureMessages":[],"meta":{}},{"ancestorTitles":["RoleService","deleteRole"],"fullName":"RoleService deleteRole 관련 데이터가 없으면 성공적으로 삭제해야 함","status":"passed","title":"관련 데이터가 없으면 성공적으로 삭제해야 함","duration":0.8834999999999127,"failureMessages":[],"meta":{}},{"ancestorTitles":["RoleService","deleteRole"],"fullName":"RoleService deleteRole 존재하지 않는 역할을 삭제하려하면 NotFoundError를 던져야 함","status":"passed","title":"존재하지 않는 역할을 삭제하려하면 NotFoundError를 던져야 함","duration":2.58009999999922,"failureMessages":[],"meta":{}},{"ancestorTitles":["RoleService","deleteRole"],"fullName":"RoleService deleteRole 관련 사용자가 있으면 ReferentialIntegrityError를 던져야 함","status":"passed","title":"관련 사용자가 있으면 ReferentialIntegrityError를 던져야 함","duration":0.875,"failureMessages":[],"meta":{}},{"ancestorTitles":["RoleService","deleteRole"],"fullName":"RoleService deleteRole 권한만 있고 사용자가 없으면 삭제 가능해야 함","status":"passed","title":"권한만 있고 사용자가 없으면 삭제 가능해야 함","duration":45.66200000000026,"failureMessages":[],"meta":{}},{"ancestorTitles":["RoleService","getRoleById"],"fullName":"RoleService getRoleById 성공적으로 역할을 조회해야 함","status":"passed","title":"성공적으로 역할을 조회해야 함","duration":0.7201000000004569,"failureMessages":[],"meta":{}},{"ancestorTitles":["RoleService","getRoleById"],"fullName":"RoleService getRoleById 존재하지 않는 역할 ID면 null을 반환해야 함","status":"passed","title":"존재하지 않는 역할 ID면 null을 반환해야 함","duration":0.4318999999995867,"failureMessages":[],"meta":{}},{"ancestorTitles":["RoleService","getAllRoles"],"fullName":"RoleService getAllRoles 모든 역할 목록을 반환해야 함","status":"passed","title":"모든 역할 목록을 반환해야 함","duration":1.5249999999996362,"failureMessages":[],"meta":{}},{"ancestorTitles":["RoleService","getAllRoles"],"fullName":"RoleService getAllRoles 역할이 없으면 빈 배열을 반환해야 함","status":"passed","title":"역할이 없으면 빈 배열을 반환해야 함","duration":0.643500000000131,"failureMessages":[],"meta":{}},{"ancestorTitles":["RoleService","updateRolePermissions"],"fullName":"RoleService updateRolePermissions 성공적으로 역할 권한을 업데이트해야 함","status":"passed","title":"성공적으로 역할 권한을 업데이트해야 함","duration":0.8797000000004118,"failureMessages":[],"meta":{}}],"startTime":1763640999677,"endTime":1763640999744.8796,"status":"passed","message":"","name":"D:/project/sr/src/services/__tests__/role.service.test.ts"},{"assertionResults":[{"ancestorTitles":["SRService","createSR"],"fullName":"SRService createSR 성공적으로 SR을 생성해야 함","status":"passed","title":"성공적으로 SR을 생성해야 함","duration":14.84190000000035,"failureMessages":[],"meta":{}},{"ancestorTitles":["SRService","createSR"],"fullName":"SRService createSR SR 번호를 오늘 날짜와 순번으로 생성해야 함","status":"passed","title":"SR 번호를 오늘 날짜와 순번으로 생성해야 함","duration":1.7292999999999665,"failureMessages":[],"meta":{}},{"ancestorTitles":["SRService","updateSRStatus"],"fullName":"SRService updateSRStatus 상태 변경 시 활동 기록을 생성해야 함","status":"passed","title":"상태 변경 시 활동 기록을 생성해야 함","duration":0.9010000000007494,"failureMessages":[],"meta":{}},{"ancestorTitles":["SRService","getSRById"],"fullName":"SRService getSRById 성공적으로 SR을 조회해야 함","status":"passed","title":"성공적으로 SR을 조회해야 함","duration":1.1010999999998603,"failureMessages":[],"meta":{}},{"ancestorTitles":["SRService","getSRById"],"fullName":"SRService getSRById 존재하지 않는 SR ID면 null을 반환해야 함","status":"passed","title":"존재하지 않는 SR ID면 null을 반환해야 함","duration":0.6847999999999956,"failureMessages":[],"meta":{}},{"ancestorTitles":["SRService","getAllSRs"],"fullName":"SRService getAllSRs 모든 SR 목록을 조회해야 함","status":"passed","title":"모든 SR 목록을 조회해야 함","duration":2.2460999999993874,"failureMessages":[],"meta":{}},{"ancestorTitles":["SRService","getAllSRs"],"fullName":"SRService getAllSRs 필터가 있으면 필터링된 결과를 반환해야 함","status":"passed","title":"필터가 있으면 필터링된 결과를 반환해야 함","duration":1.8967000000002372,"failureMessages":[],"meta":{}},{"ancestorTitles":["SRService","getSRDetailsById"],"fullName":"SRService getSRDetailsById 상세 정보를 포함하여 SR을 조회해야 함","status":"passed","title":"상세 정보를 포함하여 SR을 조회해야 함","duration":1.1779999999998836,"failureMessages":[],"meta":{}},{"ancestorTitles":["SRService","countSRs"],"fullName":"SRService countSRs SR 개수를 반환해야 함","status":"passed","title":"SR 개수를 반환해야 함","duration":0.7960000000002765,"failureMessages":[],"meta":{}},{"ancestorTitles":["SRService","countSRs"],"fullName":"SRService countSRs 필터가 있으면 필터링된 개수를 반환해야 함","status":"passed","title":"필터가 있으면 필터링된 개수를 반환해야 함","duration":1.5057999999999083,"failureMessages":[],"meta":{}}],"startTime":1763641000262,"endTime":1763641000290.5059,"status":"passed","message":"","name":"D:/project/sr/src/services/__tests__/sr.service.test.ts"},{"assertionResults":[{"ancestorTitles":["UserService","getUserById"],"fullName":"UserService getUserById 성공적으로 사용자를 조회해야 함","status":"passed","title":"성공적으로 사용자를 조회해야 함","duration":6.927900000000591,"failureMessages":[],"meta":{}},{"ancestorTitles":["UserService","getUserById"],"fullName":"UserService getUserById 존재하지 않는 사용자 ID면 null을 반환해야 함","status":"passed","title":"존재하지 않는 사용자 ID면 null을 반환해야 함","duration":0.5410000000001673,"failureMessages":[],"meta":{}},{"ancestorTitles":["UserService","getAllUsers"],"fullName":"UserService getAllUsers 필터 없이 모든 사용자를 조회해야 함","status":"passed","title":"필터 없이 모든 사용자를 조회해야 함","duration":0.7821999999996478,"failureMessages":[],"meta":{}},{"ancestorTitles":["UserService","getAllUsers"],"fullName":"UserService getAllUsers 필터가 있으면 findAllWithFilters를 호출해야 함","status":"passed","title":"필터가 있으면 findAllWithFilters를 호출해야 함","duration":1.3436999999994441,"failureMessages":[],"meta":{}},{"ancestorTitles":["UserService","updateUser"],"fullName":"UserService updateUser 성공적으로 사용자를 수정해야 함","status":"passed","title":"성공적으로 사용자를 수정해야 함","duration":3.963400000000547,"failureMessages":[],"meta":{}},{"ancestorTitles":["UserService","changePassword"],"fullName":"UserService changePassword 현재 비밀번호가 맞으면 비밀번호를 변경해야 함","status":"passed","title":"현재 비밀번호가 맞으면 비밀번호를 변경해야 함","duration":0.8431000000000495,"failureMessages":[],"meta":{}},{"ancestorTitles":["UserService","changePassword"],"fullName":"UserService changePassword 존재하지 않는 사용자면 NotFoundError를 던져야 함","status":"passed","title":"존재하지 않는 사용자면 NotFoundError를 던져야 함","duration":2.1167999999997846,"failureMessages":[],"meta":{}},{"ancestorTitles":["UserService","changePassword"],"fullName":"UserService changePassword 현재 비밀번호가 틀리면 ValidationError를 던져야 함","status":"passed","title":"현재 비밀번호가 틀리면 ValidationError를 던져야 함","duration":0.7129000000004453,"failureMessages":[],"meta":{}},{"ancestorTitles":["UserService","changePassword"],"fullName":"UserService changePassword 비밀번호가 없는 사용자(OAuth)면 현재 비밀번호 체크를 건너뛰어야 함","status":"passed","title":"비밀번호가 없는 사용자(OAuth)면 현재 비밀번호 체크를 건너뛰어야 함","duration":0.5634999999992942,"failureMessages":[],"meta":{}},{"ancestorTitles":["UserService","getUsersWithSRHandlingPermission"],"fullName":"UserService getUsersWithSRHandlingPermission SR 처리 권한이 있는 사용자 목록을 조회해야 함","status":"passed","title":"SR 처리 권한이 있는 사용자 목록을 조회해야 함","duration":0.5207000000000335,"failureMessages":[],"meta":{}}],"startTime":1763641007278,"endTime":1763641007297.5635,"status":"passed","message":"","name":"D:/project/sr/src/services/__tests__/user.service.test.ts"},{"assertionResults":[{"ancestorTitles":["SR Flow Integration"],"fullName":"SR Flow Integration SR 생성 플로우가 올바르게 동작해야 함","status":"passed","title":"SR 생성 플로우가 올바르게 동작해야 함","duration":3.276499999999942,"failureMessages":[],"meta":{}},{"ancestorTitles":["SR Flow Integration"],"fullName":"SR Flow Integration SR 수정 플로우가 올바르게 동작해야 함","status":"passed","title":"SR 수정 플로우가 올바르게 동작해야 함","duration":0.347700000000259,"failureMessages":[],"meta":{}},{"ancestorTitles":["SR Flow Integration"],"fullName":"SR Flow Integration 권한 체크가 올바르게 동작해야 함","status":"passed","title":"권한 체크가 올바르게 동작해야 함","duration":0.18339999999989232,"failureMessages":[],"meta":{}}],"startTime":1763641012106,"endTime":1763641012110.1833,"status":"passed","message":"","name":"D:/project/sr/src/__tests__/integration/sr-flow.test.ts"},{"assertionResults":[{"ancestorTitles":["Performance Benchmarks","FormData 파싱 성능"],"fullName":"Performance Benchmarks FormData 파싱 성능 FormData를 객체로 변환하는 시간 측정","status":"passed","title":"FormData를 객체로 변환하는 시간 측정","duration":23.2471000000005,"failureMessages":[],"meta":{}},{"ancestorTitles":["Performance Benchmarks","배열 처리 성능"],"fullName":"Performance Benchmarks 배열 처리 성능 대량 데이터 필터링 성능","status":"passed","title":"대량 데이터 필터링 성능","duration":5.240399999999681,"failureMessages":[],"meta":{}},{"ancestorTitles":["Performance Benchmarks","배열 처리 성능"],"fullName":"Performance Benchmarks 배열 처리 성능 대량 데이터 정렬 성능","status":"passed","title":"대량 데이터 정렬 성능","duration":7.3159999999998035,"failureMessages":[],"meta":{}},{"ancestorTitles":["Performance Benchmarks","문자열 처리 성능"],"fullName":"Performance Benchmarks 문자열 처리 성능 대량 문자열 조작 성능","status":"passed","title":"대량 문자열 조작 성능","duration":1.2114000000001397,"failureMessages":[],"meta":{}},{"ancestorTitles":["Performance Benchmarks","객체 조작 성능"],"fullName":"Performance Benchmarks 객체 조작 성능 대량 객체 변환 성능","status":"passed","title":"대량 객체 변환 성능","duration":1.52599999999984,"failureMessages":[],"meta":{}}],"startTime":1763640999226,"endTime":1763640999267.526,"status":"passed","message":"","name":"D:/project/sr/src/__tests__/performance/benchmark.test.ts"},{"assertionResults":[{"ancestorTitles":["POST /api/permissions/check"],"fullName":"POST /api/permissions/check should return hasPermission true when service approves","status":"failed","title":"should return hasPermission true when service approves","duration":15.961599999999635,"failureMessages":["TypeError: __vi_import_0__.POST is not a function\n    at D:/project/sr/src/app/api/permissions/check/__tests__/route.test.ts:35:32\n    at file:///D:/project/sr/node_modules/.pnpm/@vitest+runner@4.0.8/node_modules/@vitest/runner/dist/index.js:157:11\n    at file:///D:/project/sr/node_modules/.pnpm/@vitest+runner@4.0.8/node_modules/@vitest/runner/dist/index.js:753:26\n    at file:///D:/project/sr/node_modules/.pnpm/@vitest+runner@4.0.8/node_modules/@vitest/runner/dist/index.js:1636:20\n    at new Promise (<anonymous>)\n    at runWithTimeout (file:///D:/project/sr/node_modules/.pnpm/@vitest+runner@4.0.8/node_modules/@vitest/runner/dist/index.js:1602:10)\n    at runTest (file:///D:/project/sr/node_modules/.pnpm/@vitest+runner@4.0.8/node_modules/@vitest/runner/dist/index.js:1309:12)\n    at processTicksAndRejections (node:internal/process/task_queues:105:5)\n    at runSuite (file:///D:/project/sr/node_modules/.pnpm/@vitest+runner@4.0.8/node_modules/@vitest/runner/dist/index.js:1468:8)\n    at runSuite (file:///D:/project/sr/node_modules/.pnpm/@vitest+runner@4.0.8/node_modules/@vitest/runner/dist/index.js:1468:8)"],"meta":{}}],"startTime":1763640999530,"endTime":1763640999545.9617,"status":"failed","message":"","name":"D:/project/sr/src/app/api/permissions/check/__tests__/route.test.ts"}],"coverageMap":{"D:\\project\\sr\\src\\app\\api\\permissions\\route.ts":{"path":"D:\\project\\sr\\src\\app\\api\\permissions\\route.ts","statementMap":{"0":{"start":{"line":6,"column":23},"end":{"line":6,"column":null}},"1":{"start":{"line":9,"column":13},"end":{"line":14,"column":null}},"2":{"start":{"line":10,"column":28},"end":{"line":10,"column":null}},"3":{"start":{"line":11,"column":22},"end":{"line":11,"column":null}},"4":{"start":{"line":13,"column":2},"end":{"line":13,"column":null}}},"fnMap":{"0":{"name":"(anonymous_0)","decl":{"start":{"line":9,"column":28},"end":{"line":9,"column":35}},"loc":{"start":{"line":9,"column":60},"end":{"line":14,"column":1}},"line":9}},"branchMap":{},"s":{"0":1,"1":1,"2":0,"3":0,"4":0},"f":{"0":0},"b":{},"meta":{"lastBranch":0,"lastFunction":1,"lastStatement":5,"seen":{"s:6:23:6:Infinity":0,"s:9:13:14:Infinity":1,"f:9:28:9:35":0,"s:10:28:10:Infinity":2,"s:11:22:11:Infinity":3,"s:13:2:13:Infinity":4}}},"D:\\project\\sr\\src\\lib\\action-helpers.ts":{"path":"D:\\project\\sr\\src\\lib\\action-helpers.ts","statementMap":{"0":{"start":{"line":13,"column":26},"end":{"line":13,"column":null}},"1":{"start":{"line":20,"column":18},"end":{"line":20,"column":null}},"2":{"start":{"line":21,"column":2},"end":{"line":23,"column":null}},"3":{"start":{"line":22,"column":4},"end":{"line":22,"column":null}},"4":{"start":{"line":24,"column":2},"end":{"line":24,"column":null}},"5":{"start":{"line":31,"column":2},"end":{"line":31,"column":null}},"6":{"start":{"line":38,"column":18},"end":{"line":38,"column":null}},"7":{"start":{"line":39,"column":2},"end":{"line":39,"column":null}},"8":{"start":{"line":40,"column":2},"end":{"line":40,"column":null}},"9":{"start":{"line":50,"column":2},"end":{"line":61,"column":null}},"10":{"start":{"line":51,"column":22},"end":{"line":51,"column":null}},"11":{"start":{"line":52,"column":4},"end":{"line":52,"column":null}},"12":{"start":{"line":54,"column":4},"end":{"line":59,"column":null}},"13":{"start":{"line":55,"column":6},"end":{"line":58,"column":null}},"14":{"start":{"line":60,"column":4},"end":{"line":60,"column":null}},"15":{"start":{"line":70,"column":2},"end":{"line":78,"column":null}},"16":{"start":{"line":71,"column":4},"end":{"line":76,"column":null}},"17":{"start":{"line":72,"column":6},"end":{"line":75,"column":null}},"18":{"start":{"line":77,"column":4},"end":{"line":77,"column":null}}},"fnMap":{"0":{"name":"getAuthenticatedSession","decl":{"start":{"line":19,"column":22},"end":{"line":19,"column":48}},"loc":{"start":{"line":19,"column":48},"end":{"line":25,"column":null}},"line":19},"1":{"name":"requirePermission","decl":{"start":{"line":30,"column":22},"end":{"line":30,"column":40}},"loc":{"start":{"line":30,"column":91},"end":{"line":32,"column":null}},"line":30},"2":{"name":"authenticateAndAuthorize","decl":{"start":{"line":37,"column":22},"end":{"line":37,"column":47}},"loc":{"start":{"line":37,"column":67},"end":{"line":41,"column":null}},"line":37},"3":{"name":"validateWithSchema","decl":{"start":{"line":46,"column":16},"end":{"line":46,"column":null}},"loc":{"start":{"line":49,"column":13},"end":{"line":62,"column":null}},"line":49},"4":{"name":"withActionErrorHandling","decl":{"start":{"line":67,"column":16},"end":{"line":67,"column":null}},"loc":{"start":{"line":69,"column":22},"end":{"line":79,"column":null}},"line":69},"5":{"name":"(anonymous_5)","decl":{"start":{"line":70,"column":24},"end":{"line":70,"column":25}},"loc":{"start":{"line":70,"column":35},"end":{"line":78,"column":3}},"line":70}},"branchMap":{"0":{"loc":{"start":{"line":21,"column":2},"end":{"line":23,"column":null}},"type":"if","locations":[{"start":{"line":21,"column":2},"end":{"line":23,"column":null}},{"start":{},"end":{}}],"line":21},"1":{"loc":{"start":{"line":54,"column":4},"end":{"line":59,"column":null}},"type":"if","locations":[{"start":{"line":54,"column":4},"end":{"line":59,"column":null}},{"start":{},"end":{}}],"line":54},"2":{"loc":{"start":{"line":56,"column":8},"end":{"line":56,"column":null}},"type":"binary-expr","locations":[{"start":{"line":56,"column":8},"end":{"line":56,"column":37}},{"start":{"line":56,"column":37},"end":{"line":56,"column":null}}],"line":56},"3":{"loc":{"start":{"line":71,"column":4},"end":{"line":76,"column":null}},"type":"if","locations":[{"start":{"line":71,"column":4},"end":{"line":76,"column":null}},{"start":{},"end":{}}],"line":71},"4":{"loc":{"start":{"line":73,"column":8},"end":{"line":73,"column":null}},"type":"binary-expr","locations":[{"start":{"line":73,"column":8},"end":{"line":73,"column":37}},{"start":{"line":73,"column":37},"end":{"line":73,"column":null}}],"line":73}},"s":{"0":1,"1":3,"2":3,"3":1,"4":2,"5":2,"6":1,"7":1,"8":1,"9":3,"10":3,"11":3,"12":2,"13":2,"14":0,"15":0,"16":0,"17":0,"18":0},"f":{"0":3,"1":2,"2":1,"3":3,"4":0,"5":0},"b":{"0":[1,2],"1":[2,0],"2":[2,0],"3":[0,0],"4":[0,0]},"meta":{"lastBranch":5,"lastFunction":6,"lastStatement":19,"seen":{"s:13:26:13:Infinity":0,"f:19:22:19:48":0,"s:20:18:20:Infinity":1,"b:21:2:23:Infinity:undefined:undefined:undefined:undefined":0,"s:21:2:23:Infinity":2,"s:22:4:22:Infinity":3,"s:24:2:24:Infinity":4,"f:30:22:30:40":1,"s:31:2:31:Infinity":5,"f:37:22:37:47":2,"s:38:18:38:Infinity":6,"s:39:2:39:Infinity":7,"s:40:2:40:Infinity":8,"f:46:16:46:Infinity":3,"s:50:2:61:Infinity":9,"s:51:22:51:Infinity":10,"s:52:4:52:Infinity":11,"b:54:4:59:Infinity:undefined:undefined:undefined:undefined":1,"s:54:4:59:Infinity":12,"s:55:6:58:Infinity":13,"b:56:8:56:37:56:37:56:Infinity":2,"s:60:4:60:Infinity":14,"f:67:16:67:Infinity":4,"s:70:2:78:Infinity":15,"f:70:24:70:25":5,"b:71:4:76:Infinity:undefined:undefined:undefined:undefined":3,"s:71:4:76:Infinity":16,"s:72:6:75:Infinity":17,"b:73:8:73:37:73:37:73:Infinity":4,"s:77:4:77:Infinity":18}}},"D:\\project\\sr\\src\\lib\\api-helpers.ts":{"path":"D:\\project\\sr\\src\\lib\\api-helpers.ts","statementMap":{"0":{"start":{"line":17,"column":15},"end":{"line":17,"column":null}},"1":{"start":{"line":19,"column":2},"end":{"line":26,"column":null}},"2":{"start":{"line":20,"column":4},"end":{"line":20,"column":null}},"3":{"start":{"line":22,"column":4},"end":{"line":24,"column":null}},"4":{"start":{"line":23,"column":6},"end":{"line":23,"column":null}},"5":{"start":{"line":25,"column":4},"end":{"line":25,"column":null}}},"fnMap":{"0":{"name":"validateRequestBody","decl":{"start":{"line":13,"column":22},"end":{"line":13,"column":null}},"loc":{"start":{"line":16,"column":14},"end":{"line":27,"column":null}},"line":16}},"branchMap":{"0":{"loc":{"start":{"line":22,"column":4},"end":{"line":24,"column":null}},"type":"if","locations":[{"start":{"line":22,"column":4},"end":{"line":24,"column":null}},{"start":{},"end":{}}],"line":22}},"s":{"0":3,"1":2,"2":2,"3":1,"4":1,"5":0},"f":{"0":3},"b":{"0":[1,0]},"meta":{"lastBranch":1,"lastFunction":1,"lastStatement":6,"seen":{"f:13:22:13:Infinity":0,"s:17:15:17:Infinity":0,"s:19:2:26:Infinity":1,"s:20:4:20:Infinity":2,"b:22:4:24:Infinity:undefined:undefined:undefined:undefined":0,"s:22:4:24:Infinity":3,"s:23:6:23:Infinity":4,"s:25:4:25:Infinity":5}}},"D:\\project\\sr\\src\\lib\\api-rate-limit.ts":{"path":"D:\\project\\sr\\src\\lib\\api-rate-limit.ts","statementMap":{"0":{"start":{"line":24,"column":4},"end":{"line":24,"column":null}},"1":{"start":{"line":21,"column":11},"end":{"line":21,"column":null}},"2":{"start":{"line":25,"column":4},"end":{"line":25,"column":null}},"3":{"start":{"line":66,"column":2},"end":{"line":66,"column":null}},"4":{"start":{"line":67,"column":2},"end":{"line":67,"column":null}},"5":{"start":{"line":68,"column":2},"end":{"line":68,"column":null}},"6":{"start":{"line":71,"column":2},"end":{"line":73,"column":null}},"7":{"start":{"line":72,"column":4},"end":{"line":72,"column":null}},"8":{"start":{"line":75,"column":2},"end":{"line":75,"column":null}},"9":{"start":{"line":99,"column":2},"end":{"line":152,"column":null}},"10":{"start":{"line":108,"column":8},"end":{"line":108,"column":null}},"11":{"start":{"line":111,"column":16},"end":{"line":111,"column":null}},"12":{"start":{"line":114,"column":19},"end":{"line":114,"column":null}},"13":{"start":{"line":117,"column":4},"end":{"line":141,"column":null}},"14":{"start":{"line":120,"column":6},"end":{"line":134,"column":null}},"15":{"start":{"line":121,"column":8},"end":{"line":121,"column":null}},"16":{"start":{"line":124,"column":8},"end":{"line":133,"column":null}},"17":{"start":{"line":136,"column":6},"end":{"line":138,"column":null}},"18":{"start":{"line":137,"column":8},"end":{"line":137,"column":null}},"19":{"start":{"line":140,"column":6},"end":{"line":140,"column":null}},"20":{"start":{"line":144,"column":21},"end":{"line":144,"column":null}},"21":{"start":{"line":147,"column":4},"end":{"line":149,"column":null}},"22":{"start":{"line":148,"column":6},"end":{"line":148,"column":null}},"23":{"start":{"line":151,"column":4},"end":{"line":151,"column":null}},"24":{"start":{"line":169,"column":2},"end":{"line":171,"column":null}},"25":{"start":{"line":194,"column":40},"end":{"line":194,"column":null}},"26":{"start":{"line":196,"column":2},"end":{"line":207,"column":null}},"27":{"start":{"line":199,"column":6},"end":{"line":202,"column":null}},"28":{"start":{"line":200,"column":23},"end":{"line":200,"column":null}},"29":{"start":{"line":201,"column":8},"end":{"line":201,"column":null}},"30":{"start":{"line":201,"column":20},"end":{"line":201,"column":null}},"31":{"start":{"line":205,"column":6},"end":{"line":205,"column":null}}},"fnMap":{"0":{"name":"(anonymous_0)","decl":{"start":{"line":20,"column":2},"end":{"line":20,"column":null}},"loc":{"start":{"line":23,"column":4},"end":{"line":26,"column":null}},"line":23},"1":{"name":"addRateLimitHeaders","decl":{"start":{"line":62,"column":9},"end":{"line":62,"column":null}},"loc":{"start":{"line":65,"column":16},"end":{"line":76,"column":null}},"line":65},"2":{"name":"withRateLimit","decl":{"start":{"line":95,"column":16},"end":{"line":95,"column":null}},"loc":{"start":{"line":98,"column":2},"end":{"line":153,"column":null}},"line":98},"3":{"name":"(anonymous_3)","decl":{"start":{"line":99,"column":9},"end":{"line":99,"column":null}},"loc":{"start":{"line":102,"column":30},"end":{"line":152,"column":null}},"line":102},"4":{"name":"rateLimit","decl":{"start":{"line":165,"column":16},"end":{"line":165,"column":null}},"loc":{"start":{"line":168,"column":2},"end":{"line":172,"column":null}},"line":168},"5":{"name":"withUserRateLimit","decl":{"start":{"line":188,"column":16},"end":{"line":188,"column":null}},"loc":{"start":{"line":193,"column":2},"end":{"line":208,"column":null}},"line":193},"6":{"name":"(anonymous_6)","decl":{"start":{"line":198,"column":18},"end":{"line":198,"column":25}},"loc":{"start":{"line":198,"column":50},"end":{"line":206,"column":null}},"line":198}},"branchMap":{"0":{"loc":{"start":{"line":24,"column":10},"end":{"line":24,"column":40}},"type":"binary-expr","locations":[{"start":{"line":24,"column":10},"end":{"line":24,"column":21}},{"start":{"line":24,"column":21},"end":{"line":24,"column":40}}],"line":24},"1":{"loc":{"start":{"line":71,"column":2},"end":{"line":73,"column":null}},"type":"if","locations":[{"start":{"line":71,"column":2},"end":{"line":73,"column":null}},{"start":{},"end":{}}],"line":71},"2":{"loc":{"start":{"line":105,"column":6},"end":{"line":105,"column":null}},"type":"default-arg","locations":[{"start":{"line":105,"column":21},"end":{"line":105,"column":null}}],"line":105},"3":{"loc":{"start":{"line":107,"column":6},"end":{"line":107,"column":null}},"type":"default-arg","locations":[{"start":{"line":107,"column":23},"end":{"line":107,"column":null}}],"line":107},"4":{"loc":{"start":{"line":117,"column":4},"end":{"line":141,"column":null}},"type":"if","locations":[{"start":{"line":117,"column":4},"end":{"line":141,"column":null}},{"start":{},"end":{}}],"line":117},"5":{"loc":{"start":{"line":120,"column":6},"end":{"line":134,"column":null}},"type":"if","locations":[{"start":{"line":120,"column":6},"end":{"line":134,"column":null}},{"start":{"line":122,"column":13},"end":{"line":134,"column":null}}],"line":120},"6":{"loc":{"start":{"line":136,"column":6},"end":{"line":138,"column":null}},"type":"if","locations":[{"start":{"line":136,"column":6},"end":{"line":138,"column":null}},{"start":{},"end":{}}],"line":136},"7":{"loc":{"start":{"line":147,"column":4},"end":{"line":149,"column":null}},"type":"if","locations":[{"start":{"line":147,"column":4},"end":{"line":149,"column":null}},{"start":{},"end":{}}],"line":147},"8":{"loc":{"start":{"line":167,"column":2},"end":{"line":167,"column":null}},"type":"default-arg","locations":[{"start":{"line":167,"column":61},"end":{"line":167,"column":null}}],"line":167},"9":{"loc":{"start":{"line":199,"column":6},"end":{"line":202,"column":null}},"type":"if","locations":[{"start":{"line":199,"column":6},"end":{"line":202,"column":null}},{"start":{},"end":{}}],"line":199},"10":{"loc":{"start":{"line":201,"column":8},"end":{"line":201,"column":null}},"type":"if","locations":[{"start":{"line":201,"column":8},"end":{"line":201,"column":null}},{"start":{},"end":{}}],"line":201}},"s":{"0":0,"1":0,"2":0,"3":8,"4":8,"5":8,"6":8,"7":3,"8":8,"9":9,"10":9,"11":9,"12":9,"13":9,"14":3,"15":1,"16":2,"17":3,"18":3,"19":3,"20":6,"21":6,"22":5,"23":6,"24":2,"25":0,"26":0,"27":0,"28":0,"29":0,"30":0,"31":0},"f":{"0":0,"1":8,"2":9,"3":9,"4":2,"5":0,"6":0},"b":{"0":[0,0],"1":[3,5],"2":[9],"3":[9],"4":[3,6],"5":[1,2],"6":[3,0],"7":[5,1],"8":[2],"9":[0,0],"10":[0,0]},"meta":{"lastBranch":11,"lastFunction":7,"lastStatement":32,"seen":{"f:20:2:20:Infinity":0,"s:24:4:24:Infinity":0,"b:24:10:24:21:24:21:24:40":0,"s:21:11:21:Infinity":1,"s:25:4:25:Infinity":2,"f:62:9:62:Infinity":1,"s:66:2:66:Infinity":3,"s:67:2:67:Infinity":4,"s:68:2:68:Infinity":5,"b:71:2:73:Infinity:undefined:undefined:undefined:undefined":1,"s:71:2:73:Infinity":6,"s:72:4:72:Infinity":7,"s:75:2:75:Infinity":8,"f:95:16:95:Infinity":2,"s:99:2:152:Infinity":9,"f:99:9:99:Infinity":3,"s:108:8:108:Infinity":10,"b:105:21:105:Infinity":2,"b:107:23:107:Infinity":3,"s:111:16:111:Infinity":11,"s:114:19:114:Infinity":12,"b:117:4:141:Infinity:undefined:undefined:undefined:undefined":4,"s:117:4:141:Infinity":13,"b:120:6:134:Infinity:122:13:134:Infinity":5,"s:120:6:134:Infinity":14,"s:121:8:121:Infinity":15,"s:124:8:133:Infinity":16,"b:136:6:138:Infinity:undefined:undefined:undefined:undefined":6,"s:136:6:138:Infinity":17,"s:137:8:137:Infinity":18,"s:140:6:140:Infinity":19,"s:144:21:144:Infinity":20,"b:147:4:149:Infinity:undefined:undefined:undefined:undefined":7,"s:147:4:149:Infinity":21,"s:148:6:148:Infinity":22,"s:151:4:151:Infinity":23,"f:165:16:165:Infinity":4,"b:167:61:167:Infinity":8,"s:169:2:171:Infinity":24,"f:188:16:188:Infinity":5,"s:194:40:194:Infinity":25,"s:196:2:207:Infinity":26,"f:198:18:198:25":6,"b:199:6:202:Infinity:undefined:undefined:undefined:undefined":9,"s:199:6:202:Infinity":27,"s:200:23:200:Infinity":28,"b:201:8:201:Infinity:undefined:undefined:undefined:undefined":10,"s:201:8:201:Infinity":29,"s:201:20:201:Infinity":30,"s:205:6:205:Infinity":31}}},"D:\\project\\sr\\src\\lib\\api-response.ts":{"path":"D:\\project\\sr\\src\\lib\\api-response.ts","statementMap":{"0":{"start":{"line":31,"column":34},"end":{"line":34,"column":null}},"1":{"start":{"line":36,"column":2},"end":{"line":36,"column":null}},"2":{"start":{"line":48,"column":29},"end":{"line":52,"column":null}},"3":{"start":{"line":54,"column":2},"end":{"line":54,"column":null}},"4":{"start":{"line":61,"column":2},"end":{"line":61,"column":null}},"5":{"start":{"line":70,"column":2},"end":{"line":70,"column":null}},"6":{"start":{"line":79,"column":2},"end":{"line":79,"column":null}},"7":{"start":{"line":88,"column":2},"end":{"line":92,"column":null}},"8":{"start":{"line":102,"column":2},"end":{"line":102,"column":null}},"9":{"start":{"line":103,"column":2},"end":{"line":103,"column":null}},"10":{"start":{"line":115,"column":19},"end":{"line":125,"column":null}},"11":{"start":{"line":127,"column":2},"end":{"line":127,"column":null}}},"fnMap":{"0":{"name":"successResponse","decl":{"start":{"line":26,"column":16},"end":{"line":26,"column":null}},"loc":{"start":{"line":30,"column":16},"end":{"line":37,"column":null}},"line":30},"1":{"name":"errorResponse","decl":{"start":{"line":42,"column":16},"end":{"line":42,"column":null}},"loc":{"start":{"line":47,"column":16},"end":{"line":55,"column":null}},"line":47},"2":{"name":"validationErrorResponse","decl":{"start":{"line":60,"column":16},"end":{"line":60,"column":40}},"loc":{"start":{"line":60,"column":71},"end":{"line":62,"column":null}},"line":60},"3":{"name":"unauthorizedResponse","decl":{"start":{"line":67,"column":16},"end":{"line":67,"column":null}},"loc":{"start":{"line":69,"column":16},"end":{"line":71,"column":null}},"line":69},"4":{"name":"forbiddenResponse","decl":{"start":{"line":76,"column":16},"end":{"line":76,"column":null}},"loc":{"start":{"line":78,"column":16},"end":{"line":80,"column":null}},"line":78},"5":{"name":"notFoundResponse","decl":{"start":{"line":85,"column":16},"end":{"line":85,"column":null}},"loc":{"start":{"line":87,"column":16},"end":{"line":93,"column":null}},"line":87},"6":{"name":"serverErrorResponse","decl":{"start":{"line":98,"column":16},"end":{"line":98,"column":null}},"loc":{"start":{"line":101,"column":16},"end":{"line":104,"column":null}},"line":101},"7":{"name":"paginatedResponse","decl":{"start":{"line":109,"column":16},"end":{"line":109,"column":null}},"loc":{"start":{"line":114,"column":16},"end":{"line":128,"column":null}},"line":114}},"branchMap":{"0":{"loc":{"start":{"line":28,"column":2},"end":{"line":28,"column":null}},"type":"default-arg","locations":[{"start":{"line":28,"column":19},"end":{"line":28,"column":null}}],"line":28},"1":{"loc":{"start":{"line":33,"column":8},"end":{"line":33,"column":null}},"type":"binary-expr","locations":[{"start":{"line":33,"column":8},"end":{"line":33,"column":19}},{"start":{"line":33,"column":19},"end":{"line":33,"column":null}}],"line":33},"2":{"loc":{"start":{"line":44,"column":2},"end":{"line":44,"column":null}},"type":"default-arg","locations":[{"start":{"line":44,"column":19},"end":{"line":44,"column":null}}],"line":44},"3":{"loc":{"start":{"line":50,"column":8},"end":{"line":50,"column":null}},"type":"cond-expr","locations":[{"start":{"line":50,"column":15},"end":{"line":50,"column":26}},{"start":{"line":50,"column":26},"end":{"line":50,"column":null}}],"line":50},"4":{"loc":{"start":{"line":51,"column":8},"end":{"line":51,"column":null}},"type":"cond-expr","locations":[{"start":{"line":51,"column":18},"end":{"line":51,"column":32}},{"start":{"line":51,"column":32},"end":{"line":51,"column":null}}],"line":51},"5":{"loc":{"start":{"line":68,"column":2},"end":{"line":68,"column":null}},"type":"default-arg","locations":[{"start":{"line":68,"column":20},"end":{"line":68,"column":null}}],"line":68},"6":{"loc":{"start":{"line":77,"column":2},"end":{"line":77,"column":null}},"type":"default-arg","locations":[{"start":{"line":77,"column":20},"end":{"line":77,"column":null}}],"line":77},"7":{"loc":{"start":{"line":86,"column":2},"end":{"line":86,"column":null}},"type":"default-arg","locations":[{"start":{"line":86,"column":21},"end":{"line":86,"column":null}}],"line":86},"8":{"loc":{"start":{"line":99,"column":2},"end":{"line":99,"column":null}},"type":"default-arg","locations":[{"start":{"line":99,"column":20},"end":{"line":99,"column":null}}],"line":99}},"s":{"0":3,"1":3,"2":12,"3":12,"4":1,"5":2,"6":2,"7":2,"8":2,"9":2,"10":3,"11":3},"f":{"0":3,"1":12,"2":1,"3":2,"4":2,"5":2,"6":2,"7":3},"b":{"0":[3],"1":[3,2],"2":[12],"3":[10,2],"4":[2,10],"5":[2],"6":[2],"7":[2],"8":[2]},"meta":{"lastBranch":9,"lastFunction":8,"lastStatement":12,"seen":{"f:26:16:26:Infinity":0,"b:28:19:28:Infinity":0,"s:31:34:34:Infinity":0,"b:33:8:33:19:33:19:33:Infinity":1,"s:36:2:36:Infinity":1,"f:42:16:42:Infinity":1,"b:44:19:44:Infinity":2,"s:48:29:52:Infinity":2,"b:50:15:50:26:50:26:50:Infinity":3,"b:51:18:51:32:51:32:51:Infinity":4,"s:54:2:54:Infinity":3,"f:60:16:60:40":2,"s:61:2:61:Infinity":4,"f:67:16:67:Infinity":3,"b:68:20:68:Infinity":5,"s:70:2:70:Infinity":5,"f:76:16:76:Infinity":4,"b:77:20:77:Infinity":6,"s:79:2:79:Infinity":6,"f:85:16:85:Infinity":5,"b:86:21:86:Infinity":7,"s:88:2:92:Infinity":7,"f:98:16:98:Infinity":6,"b:99:20:99:Infinity":8,"s:102:2:102:Infinity":8,"s:103:2:103:Infinity":9,"f:109:16:109:Infinity":7,"s:115:19:125:Infinity":10,"s:127:2:127:Infinity":11}}},"D:\\project\\sr\\src\\actions\\sr.actions.ts":{"path":"D:\\project\\sr\\src\\actions\\sr.actions.ts","statementMap":{"0":{"start":{"line":20,"column":2},"end":{"line":45,"column":null}},"1":{"start":{"line":21,"column":17},"end":{"line":28,"column":null}},"2":{"start":{"line":30,"column":10},"end":{"line":30,"column":null}},"3":{"start":{"line":31,"column":4},"end":{"line":33,"column":null}},"4":{"start":{"line":32,"column":6},"end":{"line":32,"column":null}},"5":{"start":{"line":34,"column":22},"end":{"line":34,"column":null}},"6":{"start":{"line":37,"column":20},"end":{"line":37,"column":null}},"7":{"start":{"line":39,"column":22},"end":{"line":39,"column":null}},"8":{"start":{"line":40,"column":15},"end":{"line":40,"column":null}},"9":{"start":{"line":42,"column":4},"end":{"line":42,"column":null}},"10":{"start":{"line":44,"column":4},"end":{"line":44,"column":null}},"11":{"start":{"line":57,"column":2},"end":{"line":125,"column":null}},"12":{"start":{"line":58,"column":17},"end":{"line":86,"column":null}},"13":{"start":{"line":89,"column":78},"end":{"line":89,"column":null}},"14":{"start":{"line":90,"column":4},"end":{"line":107,"column":null}},"15":{"start":{"line":91,"column":6},"end":{"line":106,"column":null}},"16":{"start":{"line":93,"column":8},"end":{"line":97,"column":null}},"17":{"start":{"line":94,"column":10},"end":{"line":94,"column":null}},"18":{"start":{"line":96,"column":10},"end":{"line":96,"column":null}},"19":{"start":{"line":98,"column":6},"end":{"line":106,"column":null}},"20":{"start":{"line":99,"column":23},"end":{"line":99,"column":null}},"21":{"start":{"line":100,"column":8},"end":{"line":100,"column":null}},"22":{"start":{"line":101,"column":6},"end":{"line":106,"column":null}},"23":{"start":{"line":102,"column":22},"end":{"line":102,"column":null}},"24":{"start":{"line":103,"column":8},"end":{"line":103,"column":null}},"25":{"start":{"line":105,"column":8},"end":{"line":105,"column":null}},"26":{"start":{"line":109,"column":10},"end":{"line":109,"column":null}},"27":{"start":{"line":110,"column":4},"end":{"line":112,"column":null}},"28":{"start":{"line":111,"column":6},"end":{"line":111,"column":null}},"29":{"start":{"line":113,"column":22},"end":{"line":113,"column":null}},"30":{"start":{"line":116,"column":20},"end":{"line":116,"column":null}},"31":{"start":{"line":118,"column":22},"end":{"line":118,"column":null}},"32":{"start":{"line":119,"column":15},"end":{"line":119,"column":null}},"33":{"start":{"line":121,"column":4},"end":{"line":121,"column":null}},"34":{"start":{"line":123,"column":4},"end":{"line":123,"column":null}},"35":{"start":{"line":124,"column":4},"end":{"line":124,"column":null}},"36":{"start":{"line":129,"column":2},"end":{"line":139,"column":null}},"37":{"start":{"line":131,"column":20},"end":{"line":131,"column":null}},"38":{"start":{"line":133,"column":22},"end":{"line":133,"column":null}},"39":{"start":{"line":134,"column":4},"end":{"line":134,"column":null}},"40":{"start":{"line":136,"column":4},"end":{"line":136,"column":null}},"41":{"start":{"line":138,"column":4},"end":{"line":138,"column":null}},"42":{"start":{"line":143,"column":2},"end":{"line":154,"column":null}},"43":{"start":{"line":144,"column":22},"end":{"line":144,"column":null}},"44":{"start":{"line":145,"column":15},"end":{"line":145,"column":null}},"45":{"start":{"line":147,"column":4},"end":{"line":149,"column":null}},"46":{"start":{"line":148,"column":6},"end":{"line":148,"column":null}},"47":{"start":{"line":151,"column":4},"end":{"line":151,"column":null}},"48":{"start":{"line":153,"column":4},"end":{"line":153,"column":null}},"49":{"start":{"line":194,"column":2},"end":{"line":205,"column":null}},"50":{"start":{"line":195,"column":22},"end":{"line":195,"column":null}},"51":{"start":{"line":196,"column":15},"end":{"line":196,"column":null}},"52":{"start":{"line":198,"column":4},"end":{"line":200,"column":null}},"53":{"start":{"line":199,"column":6},"end":{"line":199,"column":null}},"54":{"start":{"line":202,"column":4},"end":{"line":202,"column":null}},"55":{"start":{"line":204,"column":4},"end":{"line":204,"column":null}}},"fnMap":{"0":{"name":"createSRAction","decl":{"start":{"line":12,"column":22},"end":{"line":12,"column":null}},"loc":{"start":{"line":19,"column":4},"end":{"line":46,"column":null}},"line":19},"1":{"name":"updateSRAction","decl":{"start":{"line":48,"column":22},"end":{"line":48,"column":null}},"loc":{"start":{"line":56,"column":4},"end":{"line":126,"column":null}},"line":56},"2":{"name":"deleteSRAction","decl":{"start":{"line":128,"column":22},"end":{"line":128,"column":37}},"loc":{"start":{"line":128,"column":72},"end":{"line":140,"column":null}},"line":128},"3":{"name":"getSRAction","decl":{"start":{"line":142,"column":22},"end":{"line":142,"column":34}},"loc":{"start":{"line":142,"column":67},"end":{"line":155,"column":null}},"line":142},"4":{"name":"getSRDetailsAction","decl":{"start":{"line":157,"column":22},"end":{"line":157,"column":41}},"loc":{"start":{"line":193,"column":4},"end":{"line":206,"column":null}},"line":193}},"branchMap":{"0":{"loc":{"start":{"line":22,"column":6},"end":{"line":22,"column":null}},"type":"binary-expr","locations":[{"start":{"line":22,"column":6},"end":{"line":22,"column":52}},{"start":{"line":22,"column":52},"end":{"line":22,"column":null}}],"line":22},"1":{"loc":{"start":{"line":23,"column":6},"end":{"line":23,"column":null}},"type":"binary-expr","locations":[{"start":{"line":23,"column":6},"end":{"line":23,"column":64}},{"start":{"line":23,"column":64},"end":{"line":23,"column":null}}],"line":23},"2":{"loc":{"start":{"line":24,"column":6},"end":{"line":24,"column":null}},"type":"binary-expr","locations":[{"start":{"line":24,"column":6},"end":{"line":24,"column":58}},{"start":{"line":24,"column":58},"end":{"line":24,"column":null}}],"line":24},"3":{"loc":{"start":{"line":25,"column":6},"end":{"line":25,"column":null}},"type":"binary-expr","locations":[{"start":{"line":25,"column":6},"end":{"line":25,"column":76}},{"start":{"line":25,"column":76},"end":{"line":25,"column":null}}],"line":25},"4":{"loc":{"start":{"line":26,"column":6},"end":{"line":26,"column":null}},"type":"binary-expr","locations":[{"start":{"line":26,"column":6},"end":{"line":26,"column":77}},{"start":{"line":26,"column":77},"end":{"line":26,"column":null}}],"line":26},"5":{"loc":{"start":{"line":27,"column":6},"end":{"line":27,"column":null}},"type":"binary-expr","locations":[{"start":{"line":27,"column":6},"end":{"line":27,"column":88}},{"start":{"line":27,"column":88},"end":{"line":27,"column":null}}],"line":27},"6":{"loc":{"start":{"line":31,"column":4},"end":{"line":33,"column":null}},"type":"if","locations":[{"start":{"line":31,"column":4},"end":{"line":33,"column":null}},{"start":{},"end":{}}],"line":31},"7":{"loc":{"start":{"line":59,"column":6},"end":{"line":59,"column":null}},"type":"binary-expr","locations":[{"start":{"line":59,"column":6},"end":{"line":59,"column":52}},{"start":{"line":59,"column":52},"end":{"line":59,"column":null}}],"line":59},"8":{"loc":{"start":{"line":60,"column":6},"end":{"line":60,"column":null}},"type":"binary-expr","locations":[{"start":{"line":60,"column":6},"end":{"line":60,"column":64}},{"start":{"line":60,"column":64},"end":{"line":60,"column":null}}],"line":60},"9":{"loc":{"start":{"line":61,"column":6},"end":{"line":61,"column":null}},"type":"binary-expr","locations":[{"start":{"line":61,"column":6},"end":{"line":61,"column":76}},{"start":{"line":61,"column":76},"end":{"line":61,"column":null}}],"line":61},"10":{"loc":{"start":{"line":62,"column":6},"end":{"line":62,"column":null}},"type":"binary-expr","locations":[{"start":{"line":62,"column":6},"end":{"line":62,"column":59}},{"start":{"line":62,"column":59},"end":{"line":62,"column":null}}],"line":62},"11":{"loc":{"start":{"line":63,"column":6},"end":{"line":63,"column":null}},"type":"binary-expr","locations":[{"start":{"line":63,"column":6},"end":{"line":63,"column":55}},{"start":{"line":63,"column":55},"end":{"line":63,"column":null}}],"line":63},"12":{"loc":{"start":{"line":78,"column":6},"end":{"line":78,"column":null}},"type":"binary-expr","locations":[{"start":{"line":78,"column":6},"end":{"line":78,"column":78}},{"start":{"line":78,"column":78},"end":{"line":78,"column":null}}],"line":78},"13":{"loc":{"start":{"line":79,"column":6},"end":{"line":79,"column":null}},"type":"binary-expr","locations":[{"start":{"line":79,"column":6},"end":{"line":79,"column":78}},{"start":{"line":79,"column":78},"end":{"line":79,"column":null}}],"line":79},"14":{"loc":{"start":{"line":80,"column":6},"end":{"line":80,"column":null}},"type":"binary-expr","locations":[{"start":{"line":80,"column":6},"end":{"line":80,"column":71}},{"start":{"line":80,"column":71},"end":{"line":80,"column":null}}],"line":80},"15":{"loc":{"start":{"line":81,"column":6},"end":{"line":81,"column":null}},"type":"binary-expr","locations":[{"start":{"line":81,"column":6},"end":{"line":81,"column":70}},{"start":{"line":81,"column":70},"end":{"line":81,"column":null}}],"line":81},"16":{"loc":{"start":{"line":82,"column":6},"end":{"line":82,"column":null}},"type":"binary-expr","locations":[{"start":{"line":82,"column":6},"end":{"line":82,"column":88}},{"start":{"line":82,"column":88},"end":{"line":82,"column":null}}],"line":82},"17":{"loc":{"start":{"line":83,"column":6},"end":{"line":83,"column":null}},"type":"binary-expr","locations":[{"start":{"line":83,"column":6},"end":{"line":83,"column":64}},{"start":{"line":83,"column":64},"end":{"line":83,"column":null}}],"line":83},"18":{"loc":{"start":{"line":84,"column":6},"end":{"line":84,"column":null}},"type":"binary-expr","locations":[{"start":{"line":84,"column":6},"end":{"line":84,"column":62}},{"start":{"line":84,"column":62},"end":{"line":84,"column":null}}],"line":84},"19":{"loc":{"start":{"line":85,"column":6},"end":{"line":85,"column":null}},"type":"binary-expr","locations":[{"start":{"line":85,"column":6},"end":{"line":85,"column":66}},{"start":{"line":85,"column":66},"end":{"line":85,"column":null}}],"line":85},"20":{"loc":{"start":{"line":91,"column":6},"end":{"line":106,"column":null}},"type":"if","locations":[{"start":{"line":91,"column":6},"end":{"line":106,"column":null}},{"start":{"line":98,"column":6},"end":{"line":106,"column":null}}],"line":91},"21":{"loc":{"start":{"line":93,"column":8},"end":{"line":97,"column":null}},"type":"if","locations":[{"start":{"line":93,"column":8},"end":{"line":97,"column":null}},{"start":{"line":95,"column":15},"end":{"line":97,"column":null}}],"line":93},"22":{"loc":{"start":{"line":93,"column":12},"end":{"line":93,"column":80}},"type":"binary-expr","locations":[{"start":{"line":93,"column":12},"end":{"line":93,"column":34}},{"start":{"line":93,"column":34},"end":{"line":93,"column":54}},{"start":{"line":93,"column":54},"end":{"line":93,"column":80}}],"line":93},"23":{"loc":{"start":{"line":98,"column":6},"end":{"line":106,"column":null}},"type":"if","locations":[{"start":{"line":98,"column":6},"end":{"line":106,"column":null}},{"start":{"line":101,"column":6},"end":{"line":106,"column":null}}],"line":98},"24":{"loc":{"start":{"line":98,"column":17},"end":{"line":98,"column":70}},"type":"binary-expr","locations":[{"start":{"line":98,"column":17},"end":{"line":98,"column":49}},{"start":{"line":98,"column":49},"end":{"line":98,"column":70}}],"line":98},"25":{"loc":{"start":{"line":100,"column":29},"end":{"line":100,"column":null}},"type":"cond-expr","locations":[{"start":{"line":100,"column":45},"end":{"line":100,"column":52}},{"start":{"line":100,"column":52},"end":{"line":100,"column":null}}],"line":100},"26":{"loc":{"start":{"line":101,"column":6},"end":{"line":106,"column":null}},"type":"if","locations":[{"start":{"line":101,"column":6},"end":{"line":106,"column":null}},{"start":{"line":104,"column":13},"end":{"line":106,"column":null}}],"line":101},"27":{"loc":{"start":{"line":101,"column":17},"end":{"line":101,"column":82}},"type":"binary-expr","locations":[{"start":{"line":101,"column":17},"end":{"line":101,"column":45}},{"start":{"line":101,"column":45},"end":{"line":101,"column":68}},{"start":{"line":101,"column":68},"end":{"line":101,"column":82}}],"line":101},"28":{"loc":{"start":{"line":103,"column":29},"end":{"line":103,"column":null}},"type":"cond-expr","locations":[{"start":{"line":103,"column":44},"end":{"line":103,"column":56}},{"start":{"line":103,"column":56},"end":{"line":103,"column":null}}],"line":103},"29":{"loc":{"start":{"line":110,"column":4},"end":{"line":112,"column":null}},"type":"if","locations":[{"start":{"line":110,"column":4},"end":{"line":112,"column":null}},{"start":{},"end":{}}],"line":110},"30":{"loc":{"start":{"line":147,"column":4},"end":{"line":149,"column":null}},"type":"if","locations":[{"start":{"line":147,"column":4},"end":{"line":149,"column":null}},{"start":{},"end":{}}],"line":147},"31":{"loc":{"start":{"line":198,"column":4},"end":{"line":200,"column":null}},"type":"if","locations":[{"start":{"line":198,"column":4},"end":{"line":200,"column":null}},{"start":{},"end":{}}],"line":198}},"s":{"0":2,"1":2,"2":2,"3":2,"4":1,"5":1,"6":1,"7":1,"8":1,"9":1,"10":0,"11":1,"12":1,"13":1,"14":1,"15":19,"16":0,"17":0,"18":0,"19":19,"20":0,"21":0,"22":19,"23":0,"24":0,"25":19,"26":1,"27":1,"28":0,"29":1,"30":1,"31":1,"32":1,"33":1,"34":0,"35":0,"36":2,"37":2,"38":2,"39":2,"40":1,"41":1,"42":0,"43":0,"44":0,"45":0,"46":0,"47":0,"48":0,"49":0,"50":0,"51":0,"52":0,"53":0,"54":0,"55":0},"f":{"0":2,"1":1,"2":2,"3":0,"4":0},"b":{"0":[2,1],"1":[2,1],"2":[2,1],"3":[2,1],"4":[2,1],"5":[2,2],"6":[1,1],"7":[1,0],"8":[1,0],"9":[1,1],"10":[1,1],"11":[1,1],"12":[1,1],"13":[1,1],"14":[1,1],"15":[1,1],"16":[1,1],"17":[1,1],"18":[1,1],"19":[1,1],"20":[0,19],"21":[0,0],"22":[0,0,0],"23":[0,19],"24":[19,1],"25":[0,0],"26":[0,19],"27":[19,1,0],"28":[0,0],"29":[0,1],"30":[0,0],"31":[0,0]},"meta":{"lastBranch":32,"lastFunction":5,"lastStatement":56,"seen":{"f:12:22:12:Infinity":0,"s:20:2:45:Infinity":0,"s:21:17:28:Infinity":1,"b:22:6:22:52:22:52:22:Infinity":0,"b:23:6:23:64:23:64:23:Infinity":1,"b:24:6:24:58:24:58:24:Infinity":2,"b:25:6:25:76:25:76:25:Infinity":3,"b:26:6:26:77:26:77:26:Infinity":4,"b:27:6:27:88:27:88:27:Infinity":5,"s:30:10:30:Infinity":2,"b:31:4:33:Infinity:undefined:undefined:undefined:undefined":6,"s:31:4:33:Infinity":3,"s:32:6:32:Infinity":4,"s:34:22:34:Infinity":5,"s:37:20:37:Infinity":6,"s:39:22:39:Infinity":7,"s:40:15:40:Infinity":8,"s:42:4:42:Infinity":9,"s:44:4:44:Infinity":10,"f:48:22:48:Infinity":1,"s:57:2:125:Infinity":11,"s:58:17:86:Infinity":12,"b:59:6:59:52:59:52:59:Infinity":7,"b:60:6:60:64:60:64:60:Infinity":8,"b:61:6:61:76:61:76:61:Infinity":9,"b:62:6:62:59:62:59:62:Infinity":10,"b:63:6:63:55:63:55:63:Infinity":11,"b:78:6:78:78:78:78:78:Infinity":12,"b:79:6:79:78:79:78:79:Infinity":13,"b:80:6:80:71:80:71:80:Infinity":14,"b:81:6:81:70:81:70:81:Infinity":15,"b:82:6:82:88:82:88:82:Infinity":16,"b:83:6:83:64:83:64:83:Infinity":17,"b:84:6:84:62:84:62:84:Infinity":18,"b:85:6:85:66:85:66:85:Infinity":19,"s:89:78:89:Infinity":13,"s:90:4:107:Infinity":14,"b:91:6:106:Infinity:98:6:106:Infinity":20,"s:91:6:106:Infinity":15,"b:93:8:97:Infinity:95:15:97:Infinity":21,"s:93:8:97:Infinity":16,"b:93:12:93:34:93:34:93:54:93:54:93:80":22,"s:94:10:94:Infinity":17,"s:96:10:96:Infinity":18,"b:98:6:106:Infinity:101:6:106:Infinity":23,"s:98:6:106:Infinity":19,"b:98:17:98:49:98:49:98:70":24,"s:99:23:99:Infinity":20,"s:100:8:100:Infinity":21,"b:100:45:100:52:100:52:100:Infinity":25,"b:101:6:106:Infinity:104:13:106:Infinity":26,"s:101:6:106:Infinity":22,"b:101:17:101:45:101:45:101:68:101:68:101:82":27,"s:102:22:102:Infinity":23,"s:103:8:103:Infinity":24,"b:103:44:103:56:103:56:103:Infinity":28,"s:105:8:105:Infinity":25,"s:109:10:109:Infinity":26,"b:110:4:112:Infinity:undefined:undefined:undefined:undefined":29,"s:110:4:112:Infinity":27,"s:111:6:111:Infinity":28,"s:113:22:113:Infinity":29,"s:116:20:116:Infinity":30,"s:118:22:118:Infinity":31,"s:119:15:119:Infinity":32,"s:121:4:121:Infinity":33,"s:123:4:123:Infinity":34,"s:124:4:124:Infinity":35,"f:128:22:128:37":2,"s:129:2:139:Infinity":36,"s:131:20:131:Infinity":37,"s:133:22:133:Infinity":38,"s:134:4:134:Infinity":39,"s:136:4:136:Infinity":40,"s:138:4:138:Infinity":41,"f:142:22:142:34":3,"s:143:2:154:Infinity":42,"s:144:22:144:Infinity":43,"s:145:15:145:Infinity":44,"b:147:4:149:Infinity:undefined:undefined:undefined:undefined":30,"s:147:4:149:Infinity":45,"s:148:6:148:Infinity":46,"s:151:4:151:Infinity":47,"s:153:4:153:Infinity":48,"f:157:22:157:41":4,"s:194:2:205:Infinity":49,"s:195:22:195:Infinity":50,"s:196:15:196:Infinity":51,"b:198:4:200:Infinity:undefined:undefined:undefined:undefined":31,"s:198:4:200:Infinity":52,"s:199:6:199:Infinity":53,"s:202:4:202:Infinity":54,"s:204:4:204:Infinity":55}}},"D:\\project\\sr\\src\\__tests__\\mocks\\next-server.ts":{"path":"D:\\project\\sr\\src\\__tests__\\mocks\\next-server.ts","statementMap":{"0":{"start":{"line":3,"column":4},"end":{"line":3,"column":null}},"1":{"start":{"line":9,"column":4},"end":{"line":15,"column":null}}},"fnMap":{"0":{"name":"(anonymous_0)","decl":{"start":{"line":2,"column":2},"end":{"line":2,"column":14}},"loc":{"start":{"line":2,"column":60},"end":{"line":4,"column":null}},"line":2},"1":{"name":"(anonymous_1)","decl":{"start":{"line":8,"column":9},"end":{"line":8,"column":23}},"loc":{"start":{"line":8,"column":70},"end":{"line":16,"column":null}},"line":8}},"branchMap":{},"s":{"0":9,"1":30},"f":{"0":9,"1":3},"b":{},"meta":{"lastBranch":0,"lastFunction":2,"lastStatement":2,"seen":{"f:2:2:2:14":0,"s:3:4:3:Infinity":0,"f:8:9:8:23":1,"s:9:4:15:Infinity":1}}},"D:\\project\\sr\\src\\lib\\__mocks__\\auth-wrapper.ts":{"path":"D:\\project\\sr\\src\\lib\\__mocks__\\auth-wrapper.ts","statementMap":{"0":{"start":{"line":5,"column":36},"end":{"line":16,"column":null}},"1":{"start":{"line":9,"column":4},"end":{"line":15,"column":null}},"2":{"start":{"line":10,"column":28},"end":{"line":13,"column":null}},"3":{"start":{"line":14,"column":8},"end":{"line":14,"column":null}},"4":{"start":{"line":20,"column":24},"end":{"line":20,"column":null}},"5":{"start":{"line":20,"column":42},"end":{"line":20,"column":null}},"6":{"start":{"line":21,"column":32},"end":{"line":21,"column":null}},"7":{"start":{"line":21,"column":50},"end":{"line":21,"column":null}}},"fnMap":{"0":{"name":"(anonymous_0)","decl":{"start":{"line":5,"column":36},"end":{"line":5,"column":37}},"loc":{"start":{"line":5,"column":54},"end":{"line":16,"column":null}},"line":5},"1":{"name":"(anonymous_1)","decl":{"start":{"line":9,"column":11},"end":{"line":9,"column":18}},"loc":{"start":{"line":9,"column":49},"end":{"line":15,"column":null}},"line":9},"2":{"name":"(anonymous_2)","decl":{"start":{"line":20,"column":24},"end":{"line":20,"column":25}},"loc":{"start":{"line":20,"column":42},"end":{"line":20,"column":null}},"line":20},"3":{"name":"(anonymous_3)","decl":{"start":{"line":21,"column":32},"end":{"line":21,"column":33}},"loc":{"start":{"line":21,"column":50},"end":{"line":21,"column":null}},"line":21}},"branchMap":{},"s":{"0":1,"1":0,"2":0,"3":0,"4":1,"5":1,"6":1,"7":0},"f":{"0":0,"1":0,"2":1,"3":0},"b":{},"meta":{"lastBranch":0,"lastFunction":4,"lastStatement":8,"seen":{"s:5:36:16:Infinity":0,"f:5:36:5:37":0,"s:9:4:15:Infinity":1,"f:9:11:9:18":1,"s:10:28:13:Infinity":2,"s:14:8:14:Infinity":3,"s:20:24:20:Infinity":4,"f:20:24:20:25":2,"s:20:42:20:Infinity":5,"s:21:32:21:Infinity":6,"f:21:32:21:33":3,"s:21:50:21:Infinity":7}}},"D:\\project\\sr\\src\\lib\\form-data-parser.ts":{"path":"D:\\project\\sr\\src\\lib\\form-data-parser.ts","statementMap":{"0":{"start":{"line":15,"column":16},"end":{"line":15,"column":null}},"1":{"start":{"line":16,"column":2},"end":{"line":16,"column":null}},"2":{"start":{"line":26,"column":48},"end":{"line":26,"column":null}},"3":{"start":{"line":27,"column":2},"end":{"line":29,"column":null}},"4":{"start":{"line":28,"column":4},"end":{"line":28,"column":null}},"5":{"start":{"line":30,"column":2},"end":{"line":30,"column":null}},"6":{"start":{"line":37,"column":48},"end":{"line":37,"column":null}},"7":{"start":{"line":38,"column":2},"end":{"line":43,"column":null}},"8":{"start":{"line":39,"column":4},"end":{"line":41,"column":null}},"9":{"start":{"line":40,"column":6},"end":{"line":40,"column":null}},"10":{"start":{"line":42,"column":4},"end":{"line":42,"column":null}},"11":{"start":{"line":44,"column":2},"end":{"line":44,"column":null}},"12":{"start":{"line":59,"column":15},"end":{"line":59,"column":null}},"13":{"start":{"line":60,"column":2},"end":{"line":60,"column":null}},"14":{"start":{"line":73,"column":48},"end":{"line":73,"column":null}},"15":{"start":{"line":75,"column":2},"end":{"line":77,"column":null}},"16":{"start":{"line":76,"column":4},"end":{"line":76,"column":null}},"17":{"start":{"line":79,"column":2},"end":{"line":79,"column":null}},"18":{"start":{"line":94,"column":29},"end":{"line":94,"column":null}},"19":{"start":{"line":96,"column":2},"end":{"line":107,"column":null}},"20":{"start":{"line":97,"column":18},"end":{"line":97,"column":null}},"21":{"start":{"line":98,"column":27},"end":{"line":100,"column":null}},"22":{"start":{"line":102,"column":4},"end":{"line":106,"column":null}},"23":{"start":{"line":103,"column":6},"end":{"line":103,"column":null}},"24":{"start":{"line":105,"column":6},"end":{"line":105,"column":null}},"25":{"start":{"line":109,"column":2},"end":{"line":109,"column":null}}},"fnMap":{"0":{"name":"getFormDataValue","decl":{"start":{"line":11,"column":16},"end":{"line":11,"column":null}},"loc":{"start":{"line":14,"column":17},"end":{"line":17,"column":null}},"line":14},"1":{"name":"getFormDataValues","decl":{"start":{"line":22,"column":16},"end":{"line":22,"column":null}},"loc":{"start":{"line":25,"column":33},"end":{"line":31,"column":null}},"line":25},"2":{"name":"formDataToObject","decl":{"start":{"line":36,"column":16},"end":{"line":36,"column":33}},"loc":{"start":{"line":36,"column":84},"end":{"line":45,"column":null}},"line":36},"3":{"name":"parseFormData","decl":{"start":{"line":55,"column":16},"end":{"line":55,"column":null}},"loc":{"start":{"line":58,"column":5},"end":{"line":61,"column":null}},"line":58},"4":{"name":"normalizeFormDataValue","decl":{"start":{"line":66,"column":16},"end":{"line":66,"column":null}},"loc":{"start":{"line":72,"column":29},"end":{"line":80,"column":null}},"line":72},"5":{"name":"processFormData","decl":{"start":{"line":85,"column":16},"end":{"line":85,"column":null}},"loc":{"start":{"line":93,"column":14},"end":{"line":110,"column":null}},"line":93}},"branchMap":{"0":{"loc":{"start":{"line":16,"column":9},"end":{"line":16,"column":null}},"type":"cond-expr","locations":[{"start":{"line":16,"column":33},"end":{"line":16,"column":41}},{"start":{"line":16,"column":41},"end":{"line":16,"column":null}}],"line":16},"1":{"loc":{"start":{"line":39,"column":4},"end":{"line":41,"column":null}},"type":"if","locations":[{"start":{"line":39,"column":4},"end":{"line":41,"column":null}},{"start":{},"end":{}}],"line":39},"2":{"loc":{"start":{"line":68,"column":2},"end":{"line":71,"column":null}},"type":"default-arg","locations":[{"start":{"line":71,"column":6},"end":{"line":71,"column":null}}],"line":68},"3":{"loc":{"start":{"line":73,"column":10},"end":{"line":73,"column":28}},"type":"default-arg","locations":[{"start":{"line":73,"column":20},"end":{"line":73,"column":28}}],"line":73},"4":{"loc":{"start":{"line":73,"column":28},"end":{"line":73,"column":44}},"type":"default-arg","locations":[{"start":{"line":73,"column":41},"end":{"line":73,"column":44}}],"line":73},"5":{"loc":{"start":{"line":75,"column":2},"end":{"line":77,"column":null}},"type":"if","locations":[{"start":{"line":75,"column":2},"end":{"line":77,"column":null}},{"start":{},"end":{}}],"line":75},"6":{"loc":{"start":{"line":75,"column":6},"end":{"line":75,"column":38}},"type":"binary-expr","locations":[{"start":{"line":75,
[...]
48,"column":18},"end":{"line":48,"column":42}}],"line":48},"8":{"loc":{"start":{"line":82,"column":35},"end":{"line":84,"column":null}},"type":"cond-expr","locations":[{"start":{"line":83,"column":14},"end":{"line":83,"column":null}},{"start":{"line":84,"column":14},"end":{"line":84,"column":null}}],"line":82},"9":{"loc":{"start":{"line":90,"column":11},"end":{"line":91,"column":null}},"type":"binary-expr","locations":[{"start":{"line":90,"column":11},"end":{"line":90,"column":37}},{"start":{"line":90,"column":37},"end":{"line":90,"column":null}},{"start":{"line":91,"column":11},"end":{"line":91,"column":20}},{"start":{"line":91,"column":20},"end":{"line":91,"column":49}},{"start":{"line":91,"column":49},"end":{"line":91,"column":68}},{"start":{"line":91,"column":68},"end":{"line":91,"column":null}}],"line":90},"10":{"loc":{"start":{"line":93,"column":8},"end":{"line":100,"column":null}},"type":"if","locations":[{"start":{"line":93,"column":8},"end":{"line":100,"column":null}},{"start":{},"end":{}}],"line":93},"11":{"loc":{"start":{"line":94,"column":10},"end":{"line":96,"column":null}},"type":"if","locations":[{"start":{"line":94,"column":10},"end":{"line":96,"column":null}},{"start":{},"end":{}}],"line":94},"12":{"loc":{"start":{"line":106,"column":4},"end":{"line":108,"column":null}},"type":"if","locations":[{"start":{"line":106,"column":4},"end":{"line":108,"column":null}},{"start":{},"end":{}}],"line":106},"13":{"loc":{"start":{"line":131,"column":4},"end":{"line":133,"column":null}},"type":"if","locations":[{"start":{"line":131,"column":4},"end":{"line":133,"column":null}},{"start":{},"end":{}}],"line":131},"14":{"loc":{"start":{"line":153,"column":6},"end":{"line":155,"column":null}},"type":"if","locations":[{"start":{"line":153,"column":6},"end":{"line":155,"column":null}},{"start":{},"end":{}}],"line":153},"15":{"loc":{"start":{"line":161,"column":6},"end":{"line":163,"column":null}},"type":"if","locations":[{"start":{"line":161,"column":6},"end":{"line":163,"column":null}},{"start":{},"end":{}}],"line":161},"16":{"loc":{"start":{"line":164,"column":6},"end":{"line":166,"column":null}},"type":"if","locations":[{"start":{"line":164,"column":6},"end":{"line":166,"column":null}},{"start":{},"end":{}}],"line":164},"17":{"loc":{"start":{"line":167,"column":6},"end":{"line":169,"column":null}},"type":"if","locations":[{"start":{"line":167,"column":6},"end":{"line":169,"column":null}},{"start":{},"end":{}}],"line":167},"18":{"loc":{"start":{"line":170,"column":6},"end":{"line":172,"column":null}},"type":"if","locations":[{"start":{"line":170,"column":6},"end":{"line":172,"column":null}},{"start":{},"end":{}}],"line":170},"19":{"loc":{"start":{"line":173,"column":6},"end":{"line":175,"column":null}},"type":"if","locations":[{"start":{"line":173,"column":6},"end":{"line":175,"column":null}},{"start":{},"end":{}}],"line":173},"20":{"loc":{"start":{"line":176,"column":6},"end":{"line":180,"column":null}},"type":"if","locations":[{"start":{"line":176,"column":6},"end":{"line":180,"column":null}},{"start":{},"end":{}}],"line":176},"21":{"loc":{"start":{"line":177,"column":36},"end":{"line":179,"column":null}},"type":"cond-expr","locations":[{"start":{"line":178,"column":12},"end":{"line":178,"column":null}},{"start":{"line":179,"column":12},"end":{"line":179,"column":null}}],"line":177},"22":{"loc":{"start":{"line":181,"column":6},"end":{"line":183,"column":null}},"type":"if","locations":[{"start":{"line":181,"column":6},"end":{"line":183,"column":null}},{"start":{},"end":{}}],"line":181},"23":{"loc":{"start":{"line":182,"column":33},"end":{"line":182,"column":null}},"type":"binary-expr","locations":[{"start":{"line":182,"column":33},"end":{"line":182,"column":58}},{"start":{"line":182,"column":58},"end":{"line":182,"column":null}}],"line":182},"24":{"loc":{"start":{"line":184,"column":6},"end":{"line":186,"column":null}},"type":"if","locations":[{"start":{"line":184,"column":6},"end":{"line":186,"column":null}},{"start":{},"end":{}}],"line":184},"25":{"loc":{"start":{"line":185,"column":43},"end":{"line":185,"column":null}},"type":"binary-expr","locations":[{"start":{"line":185,"column":43},"end":{"line":185,"column":78}},{"start":{"line":185,"column":78},"end":{"line":185,"column":null}}],"line":185},"26":{"loc":{"start":{"line":187,"column":6},"end":{"line":189,"column":null}},"type":"if","locations":[{"start":{"line":187,"column":6},"end":{"line":189,"column":null}},{"start":{},"end":{}}],"line":187},"27":{"loc":{"start":{"line":188,"column":37},"end":{"line":188,"column":null}},"type":"binary-expr","locations":[{"start":{"line":188,"column":37},"end":{"line":188,"column":66}},{"start":{"line":188,"column":66},"end":{"line":188,"column":null}}],"line":188},"28":{"loc":{"start":{"line":190,"column":6},"end":{"line":192,"column":null}},"type":"if","locations":[{"start":{"line":190,"column":6},"end":{"line":192,"column":null}},{"start":{},"end":{}}],"line":190},"29":{"loc":{"start":{"line":191,"column":40},"end":{"line":191,"column":null}},"type":"binary-expr","locations":[{"start":{"line":191,"column":40},"end":{"line":191,"column":72}},{"start":{"line":191,"column":72},"end":{"line":191,"column":null}}],"line":191},"30":{"loc":{"start":{"line":193,"column":6},"end":{"line":195,"column":null}},"type":"if","locations":[{"start":{"line":193,"column":6},"end":{"line":195,"column":null}},{"start":{},"end":{}}],"line":193},"31":{"loc":{"start":{"line":194,"column":40},"end":{"line":194,"column":null}},"type":"binary-expr","locations":[{"start":{"line":194,"column":40},"end":{"line":194,"column":72}},{"start":{"line":194,"column":72},"end":{"line":194,"column":null}}],"line":194},"32":{"loc":{"start":{"line":198,"column":6},"end":{"line":202,"column":null}},"type":"if","locations":[{"start":{"line":198,"column":6},"end":{"line":202,"column":null}},{"start":{},"end":{}}],"line":198},"33":{"loc":{"start":{"line":199,"column":44},"end":{"line":201,"column":null}},"type":"cond-expr","locations":[{"start":{"line":200,"column":12},"end":{"line":200,"column":null}},{"start":{"line":201,"column":12},"end":{"line":201,"column":null}}],"line":199},"34":{"loc":{"start":{"line":203,"column":6},"end":{"line":207,"column":null}},"type":"if","locations":[{"start":{"line":203,"column":6},"end":{"line":207,"column":null}},{"start":{},"end":{}}],"line":203},"35":{"loc":{"start":{"line":204,"column":29},"end":{"line":206,"column":null}},"type":"cond-expr","locations":[{"start":{"line":205,"column":12},"end":{"line":205,"column":null}},{"start":{"line":206,"column":12},"end":{"line":206,"column":null}}],"line":204},"36":{"loc":{"start":{"line":208,"column":6},"end":{"line":212,"column":null}},"type":"if","locations":[{"start":{"line":208,"column":6},"end":{"line":212,"column":null}},{"start":{},"end":{}}],"line":208},"37":{"loc":{"start":{"line":209,"column":42},"end":{"line":211,"column":null}},"type":"cond-expr","locations":[{"start":{"line":210,"column":12},"end":{"line":210,"column":null}},{"start":{"line":211,"column":12},"end":{"line":211,"column":null}}],"line":209},"38":{"loc":{"start":{"line":213,"column":6},"end":{"line":217,"column":null}},"type":"if","locations":[{"start":{"line":213,"column":6},"end":{"line":217,"column":null}},{"start":{},"end":{}}],"line":213},"39":{"loc":{"start":{"line":214,"column":45},"end":{"line":216,"column":null}},"type":"cond-expr","locations":[{"start":{"line":215,"column":12},"end":{"line":215,"column":null}},{"start":{"line":216,"column":12},"end":{"line":216,"column":null}}],"line":214},"40":{"loc":{"start":{"line":220,"column":6},"end":{"line":225,"column":null}},"type":"if","locations":[{"start":{"line":220,"column":6},"end":{"line":225,"column":null}},{"start":{},"end":{}}],"line":220},"41":{"loc":{"start":{"line":221,"column":8},"end":{"line":223,"column":null}},"type":"if","locations":[{"start":{"line":221,"column":8},"end":{"line":223,"column":null}},{"start":{},"end":{}}],"line":221},"42":{"loc":{"start":{"line":228,"column":25},"end":{"line":228,"column":null}},"type":"binary-expr","locations":[{"start":{"line":228,"column":25},"end":{"line":228,"column":49}},{"start":{"line":228,"column":49},"end":{"line":228,"column":null}}],"line":228},"43":{"loc":{"start":{"line":229,"column":6},"end":{"line":231,"column":null}},"type":"if","locations":[{"start":{"line":229,"column":6},"end":{"line":231,"column":null}},{"start":{},"end":{}}],"line":229},"44":{"loc":{"start":{"line":230,"column":32},"end":{"line":230,"column":null}},"type":"binary-expr","locations":[{"start":{"line":230,"column":32},"end":{"line":230,"column":46}},{"start":{"line":230,"column":46},"end":{"line":230,"column":null}}],"line":230},"45":{"loc":{"start":{"line":234,"column":6},"end":{"line":245,"column":null}},"type":"if","locations":[{"start":{"line":234,"column":6},"end":{"line":245,"column":null}},{"start":{},"end":{}}],"line":234},"46":{"loc":{"start":{"line":234,"column":10},"end":{"line":234,"column":94}},"type":"binary-expr","locations":[{"start":{"line":234,"column":10},"end":{"line":234,"column":38}},{"start":{"line":234,"column":38},"end":{"line":234,"column":94}}],"line":234},"47":{"loc":{"start":{"line":238,"column":8},"end":{"line":244,"column":null}},"type":"if","locations":[{"start":{"line":238,"column":8},"end":{"line":244,"column":null}},{"start":{},"end":{}}],"line":238},"48":{"loc":{"start":{"line":241,"column":35},"end":{"line":241,"column":68}},"type":"binary-expr","locations":[{"start":{"line":241,"column":35},"end":{"line":241,"column":58}},{"start":{"line":241,"column":58},"end":{"line":241,"column":68}}],"line":241},"49":{"loc":{"start":{"line":247,"column":6},"end":{"line":267,"column":null}},"type":"if","locations":[{"start":{"line":247,"column":6},"end":{"line":267,"column":null}},{"start":{},"end":{}}],"line":247},"50":{"loc":{"start":{"line":247,"column":10},"end":{"line":247,"column":70}},"type":"binary-expr","locations":[{"start":{"line":247,"column":10},"end":{"line":247,"column":30}},{"start":{"line":247,"column":30},"end":{"line":247,"column":70}}],"line":247},"51":{"loc":{"start":{"line":254,"column":28},"end":{"line":254,"column":null}},"type":"binary-expr","locations":[{"start":{"line":254,"column":28},"end":{"line":254,"column":54}},{"start":{"line":254,"column":54},"end":{"line":254,"column":null}}],"line":254},"52":{"loc":{"start":{"line":264,"column":8},"end":{"line":266,"column":null}},"type":"if","locations":[{"start":{"line":264,"column":8},"end":{"line":266,"column":null}},{"start":{},"end":{}}],"line":264},"53":{"loc":{"start":{"line":264,"column":12},"end":{"line":264,"column":82}},"type":"binary-expr","locations":[{"start":{"line":264,"column":12},"end":{"line":264,"column":48}},{"start":{"line":264,"column":48},"end":{"line":264,"column":82}}],"line":264},"54":{"loc":{"start":{"line":269,"column":6},"end":{"line":276,"column":null}},"type":"if","locations":[{"start":{"line":269,"column":6},"end":{"line":276,"column":null}},{"start":{},"end":{}}],"line":269},"55":{"loc":{"start":{"line":269,"column":10},"end":{"line":269,"column":76}},"type":"binary-expr","locations":[{"start":{"line":269,"column":10},"end":{"line":269,"column":38}},{"start":{"line":269,"column":38},"end":{"line":269,"column":76}}],"line":269},"56":{"loc":{"start":{"line":274,"column":23},"end":{"line":274,"column":null}},"type":"cond-expr","locations":[{"start":{"line":274,"column":36},"end":{"line":274,"column":54}},{"start":{"line":274,"column":54},"end":{"line":274,"column":null}}],"line":274},"57":{"loc":{"start":{"line":279,"column":6},"end":{"line":281,"column":null}},"type":"if","locations":[{"start":{"line":279,"column":6},"end":{"line":281,"column":null}},{"start":{},"end":{}}],"line":279},"58":{"loc":{"start":{"line":286,"column":37},"end":{"line":286,"column":81}},"type":"cond-expr","locations":[{"start":{"line":286,"column":62},"end":{"line":286,"column":70}},{"start":{"line":286,"column":70},"end":{"line":286,"column":81}}],"line":286},"59":{"loc":{"start":{"line":366,"column":4},"end":{"line":368,"column":null}},"type":"if","locations":[{"start":{"line":366,"column":4},"end":{"line":368,"column":null}},{"start":{},"end":{}}],"line":366}},"s":{"0":10,"1":10,"2":10,"3":10,"4":10,"5":10,"6":10,"7":2,"8":2,"9":2,"10":2,"11":2,"12":2,"13":2,"14":2,"15":2,"16":2,"17":2,"18":2,"19":2,"20":2,"21":2,"22":2,"23":2,"24":2,"25":0,"26":0,"27":0,"28":0,"29":0,"30":0,"31":0,"32":0,"33":2,"34":0,"35":2,"36":2,"37":2,"38":2,"39":0,"40":2,"41":0,"42":0,"43":0,"44":0,"45":0,"46":0,"47":0,"48":0,"49":0,"50":0,"51":0,"52":0,"53":0,"54":0,"55":0,"56":0,"57":0,"58":0,"59":0,"60":0,"61":0,"62":0,"63":0,"64":0,"65":0,"66":0,"67":0,"68":0,"69":0,"70":0,"71":0,"72":0,"73":0,"74":0,"75":0,"76":0,"77":0,"78":0,"79":0,"80":0,"81":0,"82":0,"83":0,"84":0,"85":0,"86":0,"87":0,"88":0,"89":0,"90":0,"91":0,"92":0,"93":0,"94":0,"95":0,"96":0,"97":0,"98":0,"99":0,"100":0,"101":0,"102":0,"103":0,"104":0,"105":2,"106":1,"107":2,"108":2,"109":0,"110":0,"111":0,"112":0,"113":0},"f":{"0":10,"1":2,"2":0,"3":0,"4":2,"5":1,"6":2,"7":2,"8":0},"b":{"0":[10],"1":[10],"2":[10],"3":[10],"4":[10],"5":[10],"6":[10],"7":[2,2],"8":[0,2],"9":[0,0,0,0,0,0],"10":[0,0],"11":[0,0],"12":[0,2],"13":[0,2],"14":[0,0],"15":[0,0],"16":[0,0],"17":[0,0],"18":[0,0],"19":[0,0],"20":[0,0],"21":[0,0],"22":[0,0],"23":[0,0],"24":[0,0],"25":[0,0],"26":[0,0],"27":[0,0],"28":[0,0],"29":[0,0],"30":[0,0],"31":[0,0],"32":[0,0],"33":[0,0],"34":[0,0],"35":[0,0],"36":[0,0],"37":[0,0],"38":[0,0],"39":[0,0],"40":[0,0],"41":[0,0],"42":[0,0],"43":[0,0],"44":[0,0],"45":[0,0],"46":[0,0],"47":[0,0],"48":[0,0],"49":[0,0],"50":[0,0],"51":[0,0],"52":[0,0],"53":[0,0],"54":[0,0],"55":[0,0],"56":[0,0],"57":[0,0],"58":[0,0],"59":[0,0]},"meta":{"lastBranch":60,"lastFunction":9,"lastStatement":114,"seen":{"f:17:2:17:Infinity":0,"b:18:41:18:Infinity":0,"b:19:57:19:Infinity":1,"b:20:55:20:Infinity":2,"b:21:61:21:Infinity":3,"b:22:49:22:Infinity":4,"b:23:67:23:Infinity":5,"b:24:33:24:Infinity":6,"s:18:12:18:41":0,"s:19:12:19:57":1,"s:20:12:20:55":2,"s:21:12:21:61":3,"s:22:12:22:49":4,"s:23:12:23:67":5,"s:24:12:24:33":6,"f:27:8:27:Infinity":1,"s:40:4:40:Infinity":7,"s:41:22:41:Infinity":8,"s:44:24:44:Infinity":9,"s:45:19:45:Infinity":10,"s:46:24:46:Infinity":11,"s:48:4:104:Infinity":12,"b:48:11:48:18:48:18:48:42":7,"s:49:6:49:Infinity":13,"s:51:20:51:Infinity":14,"s:52:22:52:Infinity":15,"s:55:25:55:Infinity":16,"s:56:6:56:Infinity":17,"s:57:23:57:Infinity":18,"s:58:6:58:Infinity":19,"s:61:25:66:Infinity":20,"s:69:29:69:Infinity":21,"s:70:23:70:Infinity":22,"s:72:6:103:Infinity":23,"s:73:8:86:Infinity":24,"b:83:14:83:Infinity:84:14:84:Infinity":8,"s:90:11:91:Infinity":25,"b:90:11:90:37:90:37:90:Infinity:91:11:91:20:91:20:91:49:91:49:91:68:91:68:91:Infinity":9,"b:93:8:100:Infinity:undefined:undefined:undefined:undefined":10,"s:93:8:100:Infinity":26,"b:94:10:96:Infinity:undefined:undefined:undefined:undefined":11,"s:94:10:96:Infinity":27,"s:95:12:95:Infinity":28,"s:98:10:98:Infinity":29,"f:98:28:98:39":2,"s:98:39:98:73":30,"s:99:10:99:Infinity":31,"s:102:8:102:Infinity":32,"b:106:4:108:Infinity:undefined:undefined:undefined:undefined":12,"s:106:4:108:Infinity":33,"s:107:6:107:Infinity":34,"s:111:4:116:Infinity":35,"s:118:4:127:Infinity":36,"s:130:19:130:Infinity":37,"b:131:4:133:Infinity:undefined:undefined:undefined:undefined":13,"s:131:4:133:Infinity":38,"s:132:6:132:Infinity":39,"s:134:4:134:Infinity":40,"f:137:8:137:Infinity":3,"s:148:54:148:Infinity":41,"s:150:4:291:Infinity":42,"s:151:24:151:Infinity":43,"s:152:25:152:Infinity":44,"b:153:6:155:Infinity:undefined:undefined:undefined:undefined":14,"s:153:6:155:Infinity":45,"s:154:8:154:Infinity":46,"s:158:6:158:Infinity":47,"b:161:6:163:Infinity:undefined:undefined:undefined:undefined":15,"s:161:6:163:Infinity":48,"s:162:8:162:Infinity":49,"b:164:6:166:Infinity:undefined:undefined:undefined:undefined":16,"s:164:6:166:Infinity":50,"s:165:8:165:Infinity":51,"b:167:6:169:Infinity:undefined:undefined:undefined:undefined":17,"s:167:6:169:Infinity":52,"s:168:8:168:Infinity":53,"b:170:6:172:Infinity:undefined:undefined:undefined:undefined":18,"s:170:6:172:Infinity":54,"s:171:8:171:Infinity":55,"b:173:6:175:Infinity:undefined:undefined:undefined:undefined":19,"s:173:6:175:Infinity":56,"s:174:8:174:Infinity":57,"b:176:6:180:Infinity:undefined:undefined:undefined:undefined":20,"s:176:6:180:Infinity":58,"s:177:8:179:Infinity":59,"b:178:12:178:Infinity:179:12:179:Infinity":21,"b:181:6:183:Infinity:undefined:undefined:undefined:undefined":22,"s:181:6:183:Infinity":60,"s:182:8:182:Infinity":61,"b:182:33:182:58:182:58:182:Infinity":23,"b:184:6:186:Infinity:undefined:undefined:undefined:undefined":24,"s:184:6:186:Infinity":62,"s:185:8:185:Infinity":63,"b:185:43:185:78:185:78:185:Infinity":25,"b:187:6:189:Infinity:undefined:undefined:undefined:undefined":26,"s:187:6:189:Infinity":64,"s:188:8:188:Infinity":65,"b:188:37:188:66:188:66:188:Infinity":27,"b:190:6:192:Infinity:undefined:undefined:undefined:undefined":28,"s:190:6:192:Infinity":66,"s:191:8:191:Infinity":67,"b:191:40:191:72:191:72:191:Infinity":29,"b:193:6:195:Infinity:undefined:undefined:undefined:undefined":30,"s:193:6:195:Infinity":68,"s:194:8:194:Infinity":69,"b:194:40:194:72:194:72:194:Infinity":31,"b:198:6:202:Infinity:undefined:undefined:undefined:undefined":32,"s:198:6:202:Infinity":70,"s:199:8:201:Infinity":71,"b:200:12:200:Infinity:201:12:201:Infinity":33,"b:203:6:207:Infinity:undefined:undefined:undefined:undefined":34,"s:203:6:207:Infinity":72,"s:204:8:206:Infinity":73,"b:205:12:205:Infinity:206:12:206:Infinity":35,"b:208:6:212:Infinity:undefined:undefined:undefined:undefined":36,"s:208:6:212:Infinity":74,"s:209:8:211:Infinity":75,"b:210:12:210:Infinity:211:12:211:Infinity":37,"b:213:6:217:Infinity:undefined:undefined:undefined:undefined":38,"s:213:6:217:Infinity":76,"s:214:8:216:Infinity":77,"b:215:12:215:Infinity:216:12:216:Infinity":39,"b:220:6:225:Infinity:undefined:undefined:undefined:undefined":40,"s:220:6:225:Infinity":78,"b:221:8:223:Infinity:undefined:undefined:undefined:undefined":41,"s:221:8:223:Infinity":79,"s:222:10:222:Infinity":80,"s:228:25:228:Infinity":81,"b:228:25:228:49:228:49:228:Infinity":42,"b:229:6:231:Infinity:undefined:undefined:undefined:undefined":43,"s:229:6:231:Infinity":82,"s:230:8:230:Infinity":83,"b:230:32:230:46:230:46:230:Infinity":44,"b:234:6:245:Infinity:undefined:undefined:undefined:undefined":45,"s:234:6:245:Infinity":84,"b:234:10:234:38:234:38:234:94":46,"s:235:32:237:Infinity":85,"b:238:8:244:Infinity:undefined:undefined:undefined:undefined":47,"s:238:8:244:Infinity":86,"s:239:37:239:Infinity":87,"s:240:32:240:Infinity":88,"s:241:26:241:Infinity":89,"b:241:35:241:58:241:58:241:68":48,"s:242:10:242:Infinity":90,"s:243:10:243:Infinity":91,"b:247:6:267:Infinity:undefined:undefined:undefined:undefined":49,"s:247:6:267:Infinity":92,"b:247:10:247:30:247:30:247:70":50,"s:248:8:257:Infinity":93,"b:254:28:254:54:254:54:254:Infinity":51,"s:258:8:263:Infinity":94,"b:264:8:266:Infinity:undefined:undefined:undefined:undefined":52,"s:264:8:266:Infinity":95,"b:264:12:264:48:264:48:264:82":53,"s:265:10:265:Infinity":96,"b:269:6:276:Infinity:undefined:undefined:undefined:undefined":54,"s:269:6:276:Infinity":97,"b:269:10:269:38:269:38:269:76":55,"s:270:8:275:Infinity":98,"b:274:36:274:54:274:54:274:Infinity":56,"b:279:6:281:Infinity:undefined:undefined:undefined:undefined":57,"s:279:6:281:Infinity":99,"s:280:8:280:Infinity":100,"s:283:6:283:Infinity":101,"s:285:25:285:Infinity":102,"s:286:6:289:Infinity":103,"b:286:62:286:70:286:70:286:81":58,"s:290:6:290:Infinity":104,"f:294:8:294:18":4,"s:295:4:295:Infinity":105,"f:298:8:298:25":5,"s:335:4:335:Infinity":106,"f:338:8:338:18":6,"s:357:4:357:Infinity":107,"f:360:8:360:17":7,"s:361:4:361:Infinity":108,"f:364:8:364:17":8,"s:365:23:365:Infinity":109,"b:366:4:368:Infinity:undefined:undefined:undefined:undefined":59,"s:366:4:368:Infinity":110,"s:367:6:367:Infinity":111,"s:371:4:371:Infinity":112,"s:373:4:373:Infinity":113}}}}}